01:02:42 - [34mdebug[39m: loadFileContents
01:02:50 - [34mdebug[39m: loadFileBuffer
01:02:50 - [34mdebug[39m: loadFileContents
01:02:50 - [34mdebug[39m: loadFileContents
01:16:25 - [34mdebug[39m: loadFileContents
01:16:25 - [34mdebug[39m: loadFileBuffer
01:16:25 - [34mdebug[39m: loadFileContents
01:16:25 - [34mdebug[39m: loadFileContents
01:16:44 - [34mdebug[39m: loadFileContents
01:16:44 - [34mdebug[39m: loadFileBuffer
01:16:44 - [34mdebug[39m: loadFileContents
01:16:44 - [34mdebug[39m: loadFileContents
01:17:11 - [34mdebug[39m: loadFileContents
01:17:12 - [34mdebug[39m: loadFileBuffer
01:17:12 - [34mdebug[39m: loadFileContents
01:17:12 - [34mdebug[39m: loadFileContents
01:17:20 - [34mdebug[39m: loadFileContents
01:17:20 - [34mdebug[39m: loadFileBuffer
01:17:20 - [34mdebug[39m: loadFileContents
01:17:20 - [34mdebug[39m: loadFileContents
01:24:16 - [34mdebug[39m: loadFileContents
01:24:16 - [34mdebug[39m: loadFileBuffer
01:24:16 - [34mdebug[39m: loadFileContents
01:24:16 - [34mdebug[39m: loadFileContents
01:24:32 - [34mdebug[39m: loadFileContents
01:24:32 - [34mdebug[39m: loadFileBuffer
01:24:32 - [34mdebug[39m: loadFileContents
01:24:32 - [34mdebug[39m: loadFileContents
01:24:32 - [34mdebug[39m: fromDirectory
01:24:32 - [34mdebug[39m: loadFilesContents
01:24:32 - [34mdebug[39m: loadFilesContents
01:24:32 - [34mdebug[39m: loadFilesContents
01:24:32 - [34mdebug[39m: loadFilesContents
01:24:32 - [34mdebug[39m: loadFileContents
01:24:32 - [34mdebug[39m: fromDirectory
01:24:32 - [34mdebug[39m: loadFilesContents
01:24:32 - [34mdebug[39m: loadFilesContents
01:24:32 - [34mdebug[39m: loadFilesContents
01:24:32 - [34mdebug[39m: loadFilesContents
01:24:32 - [34mdebug[39m: loadFileContents
01:24:32 - [34mdebug[39m: loadFileContents
01:24:32 - [34mdebug[39m: loadFileContents
01:24:32 - [34mdebug[39m: loadFileContents
01:24:35 - [34mdebug[39m: fromDirectory
01:24:35 - [34mdebug[39m: loadFileContents
01:25:05 - [34mdebug[39m: loadFileContents
01:25:05 - [34mdebug[39m: loadFileBuffer
01:25:05 - [34mdebug[39m: loadFileContents
01:25:05 - [34mdebug[39m: loadFileContents
01:25:05 - [34mdebug[39m: fromDirectory
01:25:05 - [34mdebug[39m: loadFilesContents
01:25:05 - [34mdebug[39m: loadFilesContents
01:25:05 - [34mdebug[39m: loadFilesContents
01:25:05 - [34mdebug[39m: loadFilesContents
01:25:05 - [34mdebug[39m: loadFileContents
01:25:05 - [34mdebug[39m: fromDirectory
01:25:05 - [34mdebug[39m: loadFilesContents
01:25:05 - [34mdebug[39m: loadFilesContents
01:25:05 - [34mdebug[39m: loadFilesContents
01:25:05 - [34mdebug[39m: loadFilesContents
01:25:05 - [34mdebug[39m: loadFileContents
01:25:05 - [34mdebug[39m: loadFileContents
01:25:05 - [34mdebug[39m: loadFileContents
01:25:05 - [34mdebug[39m: loadFileContents
01:25:09 - [34mdebug[39m: fromDirectory
01:25:09 - [34mdebug[39m: loadFileContents
01:27:07 - [34mdebug[39m: loadFileContents
01:27:07 - [34mdebug[39m: loadFileBuffer
01:27:07 - [34mdebug[39m: loadFileContents
01:27:07 - [34mdebug[39m: loadFileContents
01:27:07 - [34mdebug[39m: fromDirectory
01:27:07 - [34mdebug[39m: loadFilesContents
01:27:07 - [34mdebug[39m: loadFilesContents
01:27:07 - [34mdebug[39m: loadFilesContents
01:27:07 - [34mdebug[39m: loadFilesContents
01:27:07 - [34mdebug[39m: loadFileContents
01:27:07 - [34mdebug[39m: fromDirectory
01:27:07 - [34mdebug[39m: loadFilesContents
01:27:07 - [34mdebug[39m: loadFilesContents
01:27:07 - [34mdebug[39m: loadFilesContents
01:27:07 - [34mdebug[39m: loadFilesContents
01:27:07 - [34mdebug[39m: loadFileContents
01:27:07 - [34mdebug[39m: loadFileContents
01:27:07 - [34mdebug[39m: loadFileContents
01:27:07 - [34mdebug[39m: loadFileContents
01:27:10 - [34mdebug[39m: fromDirectory
01:27:10 - [34mdebug[39m: loadFileContents
01:27:10 - [34mdebug[39m: fromDirectory
01:27:10 - [34mdebug[39m: fromDirectory
01:27:10 - [34mdebug[39m: loadFilesContents
01:27:10 - [34mdebug[39m: loadFilesContents
01:27:10 - [34mdebug[39m: loadFilesContents
01:27:10 - [34mdebug[39m: loadFilesContents
01:27:10 - [34mdebug[39m: loadFileContents
01:27:49 - [34mdebug[39m: loadFileContents
01:27:49 - [34mdebug[39m: loadFileBuffer
01:27:49 - [34mdebug[39m: loadFileContents
01:27:49 - [34mdebug[39m: loadFileContents
01:27:49 - [34mdebug[39m: fromDirectory
01:27:49 - [34mdebug[39m: loadFilesContents
01:27:49 - [34mdebug[39m: loadFilesContents
01:27:49 - [34mdebug[39m: loadFilesContents
01:27:49 - [34mdebug[39m: loadFilesContents
01:27:49 - [34mdebug[39m: loadFileContents
01:27:49 - [34mdebug[39m: fromDirectory
01:27:49 - [34mdebug[39m: loadFilesContents
01:27:49 - [34mdebug[39m: loadFilesContents
01:27:49 - [34mdebug[39m: loadFilesContents
01:27:49 - [34mdebug[39m: loadFilesContents
01:27:49 - [34mdebug[39m: loadFileContents
01:27:49 - [34mdebug[39m: loadFileContents
01:27:49 - [34mdebug[39m: loadFileContents
01:27:49 - [34mdebug[39m: loadFileContents
01:27:52 - [34mdebug[39m: fromDirectory
01:27:52 - [34mdebug[39m: loadFileContents
01:27:52 - [34mdebug[39m: fromDirectory
01:27:52 - [34mdebug[39m: fromDirectory
01:27:52 - [34mdebug[39m: loadFilesContents
01:27:52 - [34mdebug[39m: loadFilesContents
01:27:52 - [34mdebug[39m: loadFilesContents
01:27:52 - [34mdebug[39m: loadFilesContents
01:27:52 - [34mdebug[39m: loadFileContents
01:28:14 - [34mdebug[39m: loadFileContents
01:28:14 - [34mdebug[39m: loadFileBuffer
01:28:14 - [34mdebug[39m: loadFileContents
01:28:14 - [34mdebug[39m: loadFileContents
01:28:14 - [34mdebug[39m: fromDirectory
01:28:14 - [34mdebug[39m: loadFilesContents
01:28:14 - [34mdebug[39m: loadFilesContents
01:28:14 - [34mdebug[39m: loadFilesContents
01:28:14 - [34mdebug[39m: loadFilesContents
01:28:14 - [34mdebug[39m: loadFileContents
01:28:14 - [34mdebug[39m: fromDirectory
01:28:14 - [34mdebug[39m: loadFilesContents
01:28:14 - [34mdebug[39m: loadFilesContents
01:28:14 - [34mdebug[39m: loadFilesContents
01:28:14 - [34mdebug[39m: loadFilesContents
01:28:14 - [34mdebug[39m: loadFileContents
01:28:14 - [34mdebug[39m: loadFileContents
01:28:14 - [34mdebug[39m: loadFileContents
01:28:14 - [34mdebug[39m: loadFileContents
01:28:16 - [34mdebug[39m: fromDirectory
01:28:16 - [34mdebug[39m: loadFileContents
01:28:16 - [34mdebug[39m: fromDirectory
01:28:16 - [34mdebug[39m: fromDirectory
01:28:16 - [34mdebug[39m: loadFilesContents
01:28:16 - [34mdebug[39m: loadFilesContents
01:28:16 - [34mdebug[39m: loadFilesContents
01:28:16 - [34mdebug[39m: loadFilesContents
01:28:16 - [34mdebug[39m: loadFileContents
01:28:38 - [34mdebug[39m: loadFileContents
01:28:38 - [34mdebug[39m: loadFileBuffer
01:28:38 - [34mdebug[39m: loadFileContents
01:28:38 - [34mdebug[39m: loadFileContents
01:28:38 - [34mdebug[39m: fromDirectory
01:28:38 - [34mdebug[39m: loadFilesContents
01:28:38 - [34mdebug[39m: loadFilesContents
01:28:38 - [34mdebug[39m: loadFilesContents
01:28:38 - [34mdebug[39m: loadFilesContents
01:28:38 - [34mdebug[39m: loadFileContents
01:28:38 - [34mdebug[39m: fromDirectory
01:28:38 - [34mdebug[39m: loadFilesContents
01:28:38 - [34mdebug[39m: loadFilesContents
01:28:38 - [34mdebug[39m: loadFilesContents
01:28:38 - [34mdebug[39m: loadFilesContents
01:28:38 - [34mdebug[39m: loadFileContents
01:28:38 - [34mdebug[39m: loadFileContents
01:28:38 - [34mdebug[39m: loadFileContents
01:28:38 - [34mdebug[39m: loadFileContents
01:28:41 - [34mdebug[39m: fromDirectory
01:28:41 - [34mdebug[39m: loadFileContents
01:28:41 - [34mdebug[39m: fromDirectory
01:28:41 - [34mdebug[39m: fromDirectory
01:28:41 - [34mdebug[39m: loadFilesContents
01:28:41 - [34mdebug[39m: loadFilesContents
01:28:41 - [34mdebug[39m: loadFilesContents
01:28:41 - [34mdebug[39m: loadFilesContents
01:28:41 - [34mdebug[39m: loadFileContents
01:30:03 - [34mdebug[39m: loadFileContents
01:30:03 - [34mdebug[39m: loadFileBuffer
01:30:03 - [34mdebug[39m: loadFileContents
01:30:03 - [34mdebug[39m: loadFileContents
01:30:03 - [34mdebug[39m: fromDirectory
01:30:03 - [34mdebug[39m: loadFilesContents
01:30:03 - [34mdebug[39m: loadFilesContents
01:30:03 - [34mdebug[39m: loadFilesContents
01:30:03 - [34mdebug[39m: loadFilesContents
01:30:03 - [34mdebug[39m: loadFileContents
01:30:03 - [34mdebug[39m: fromDirectory
01:30:03 - [34mdebug[39m: loadFilesContents
01:30:03 - [34mdebug[39m: loadFilesContents
01:30:03 - [34mdebug[39m: loadFilesContents
01:30:03 - [34mdebug[39m: loadFilesContents
01:30:03 - [34mdebug[39m: loadFileContents
01:30:03 - [34mdebug[39m: loadFileContents
01:30:03 - [34mdebug[39m: loadFileContents
01:30:03 - [34mdebug[39m: loadFileContents
01:30:05 - [34mdebug[39m: fromDirectory
01:30:05 - [34mdebug[39m: loadFileContents
01:30:05 - [34mdebug[39m: fromDirectory
01:30:05 - [34mdebug[39m: fromDirectory
01:30:05 - [34mdebug[39m: loadFilesContents
01:30:05 - [34mdebug[39m: loadFilesContents
01:30:05 - [34mdebug[39m: loadFilesContents
01:30:05 - [34mdebug[39m: loadFilesContents
01:30:05 - [34mdebug[39m: loadFileContents
01:31:01 - [34mdebug[39m: loadFileContents
01:31:01 - [34mdebug[39m: loadFileBuffer
01:31:01 - [34mdebug[39m: loadFileContents
01:31:01 - [34mdebug[39m: loadFileContents
01:32:25 - [34mdebug[39m: loadFileContents
01:32:25 - [34mdebug[39m: loadFileBuffer
01:32:25 - [34mdebug[39m: loadFileContents
01:32:25 - [34mdebug[39m: loadFileContents
01:32:25 - [34mdebug[39m: fromDirectory
01:32:25 - [34mdebug[39m: loadFilesContents
01:32:25 - [34mdebug[39m: loadFilesContents
01:32:25 - [34mdebug[39m: loadFilesContents
01:32:25 - [34mdebug[39m: loadFilesContents
01:32:25 - [34mdebug[39m: loadFileContents
01:32:25 - [34mdebug[39m: fromDirectory
01:32:25 - [34mdebug[39m: loadFilesContents
01:32:25 - [34mdebug[39m: loadFilesContents
01:32:25 - [34mdebug[39m: loadFilesContents
01:32:25 - [34mdebug[39m: loadFilesContents
01:32:25 - [34mdebug[39m: loadFileContents
01:32:25 - [34mdebug[39m: loadFileContents
01:32:25 - [34mdebug[39m: loadFileContents
01:32:25 - [34mdebug[39m: loadFileContents
01:32:27 - [34mdebug[39m: fromDirectory
01:32:27 - [34mdebug[39m: loadFileContents
01:32:28 - [34mdebug[39m: fromDirectory
01:32:28 - [34mdebug[39m: fromDirectory
01:32:28 - [34mdebug[39m: loadFilesContents
01:32:28 - [34mdebug[39m: loadFilesContents
01:32:28 - [34mdebug[39m: loadFilesContents
01:32:28 - [34mdebug[39m: loadFilesContents
01:32:28 - [34mdebug[39m: loadFileContents
01:36:50 - [34mdebug[39m: loadFileContents
01:36:50 - [34mdebug[39m: loadFileBuffer
01:36:50 - [34mdebug[39m: loadFileContents
01:36:50 - [34mdebug[39m: loadFileContents
01:36:50 - [34mdebug[39m: fromDirectory
01:36:50 - [34mdebug[39m: loadFilesContents
01:36:50 - [34mdebug[39m: loadFilesContents
01:36:50 - [34mdebug[39m: loadFilesContents
01:36:50 - [34mdebug[39m: loadFilesContents
01:36:50 - [34mdebug[39m: loadFileContents
01:36:50 - [34mdebug[39m: fromDirectory
01:36:50 - [34mdebug[39m: loadFilesContents
01:36:50 - [34mdebug[39m: loadFilesContents
01:36:50 - [34mdebug[39m: loadFilesContents
01:36:50 - [34mdebug[39m: loadFilesContents
01:36:50 - [34mdebug[39m: loadFileContents
01:36:50 - [34mdebug[39m: loadFileContents
01:36:50 - [34mdebug[39m: loadFileContents
01:36:50 - [34mdebug[39m: loadFileContents
01:36:54 - [34mdebug[39m: fromDirectory
01:36:54 - [34mdebug[39m: loadFileContents
01:36:54 - [34mdebug[39m: fromDirectory
01:36:54 - [34mdebug[39m: fromDirectory
01:36:54 - [34mdebug[39m: loadFilesContents
01:36:54 - [34mdebug[39m: loadFilesContents
01:36:54 - [34mdebug[39m: loadFilesContents
01:36:54 - [34mdebug[39m: loadFilesContents
01:36:54 - [34mdebug[39m: loadFileContents
01:37:09 - [34mdebug[39m: loadFileContents
01:37:09 - [34mdebug[39m: loadFileBuffer
01:37:09 - [34mdebug[39m: loadFileContents
01:37:09 - [34mdebug[39m: loadFileContents
01:37:09 - [34mdebug[39m: fromDirectory
01:37:09 - [34mdebug[39m: loadFilesContents
01:37:09 - [34mdebug[39m: loadFilesContents
01:37:09 - [34mdebug[39m: loadFilesContents
01:37:09 - [34mdebug[39m: loadFilesContents
01:37:09 - [34mdebug[39m: loadFileContents
01:37:09 - [34mdebug[39m: fromDirectory
01:37:09 - [34mdebug[39m: loadFilesContents
01:37:09 - [34mdebug[39m: loadFilesContents
01:37:09 - [34mdebug[39m: loadFilesContents
01:37:09 - [34mdebug[39m: loadFilesContents
01:37:09 - [34mdebug[39m: loadFileContents
01:37:09 - [34mdebug[39m: loadFileContents
01:37:09 - [34mdebug[39m: loadFileContents
01:37:09 - [34mdebug[39m: loadFileContents
01:37:12 - [34mdebug[39m: fromDirectory
01:37:12 - [34mdebug[39m: loadFileContents
01:37:12 - [34mdebug[39m: fromDirectory
01:37:12 - [34mdebug[39m: fromDirectory
01:37:12 - [34mdebug[39m: loadFilesContents
01:37:12 - [34mdebug[39m: loadFilesContents
01:37:12 - [34mdebug[39m: loadFilesContents
01:37:12 - [34mdebug[39m: loadFilesContents
01:37:12 - [34mdebug[39m: loadFileContents
01:37:51 - [34mdebug[39m: loadFileContents
01:37:51 - [34mdebug[39m: loadFileBuffer
01:37:51 - [34mdebug[39m: loadFileContents
01:37:51 - [34mdebug[39m: loadFileContents
01:37:51 - [34mdebug[39m: fromDirectory
01:37:51 - [34mdebug[39m: loadFilesContents
01:37:51 - [34mdebug[39m: loadFilesContents
01:37:51 - [34mdebug[39m: loadFilesContents
01:37:51 - [34mdebug[39m: loadFilesContents
01:37:51 - [34mdebug[39m: loadFileContents
01:37:51 - [34mdebug[39m: fromDirectory
01:37:51 - [34mdebug[39m: loadFilesContents
01:37:51 - [34mdebug[39m: loadFilesContents
01:37:51 - [34mdebug[39m: loadFilesContents
01:37:51 - [34mdebug[39m: loadFilesContents
01:37:51 - [34mdebug[39m: loadFileContents
01:37:51 - [34mdebug[39m: loadFileContents
01:37:51 - [34mdebug[39m: loadFileContents
01:37:51 - [34mdebug[39m: loadFileContents
01:37:55 - [34mdebug[39m: fromDirectory
01:37:55 - [34mdebug[39m: loadFileContents
01:37:55 - [34mdebug[39m: fromDirectory
01:37:55 - [34mdebug[39m: fromDirectory
01:37:55 - [34mdebug[39m: loadFilesContents
01:37:55 - [34mdebug[39m: loadFilesContents
01:37:55 - [34mdebug[39m: loadFilesContents
01:37:55 - [34mdebug[39m: loadFilesContents
01:37:55 - [34mdebug[39m: loadFileContents
01:38:39 - [34mdebug[39m: loadFileContents
01:38:39 - [34mdebug[39m: loadFileBuffer
01:38:39 - [34mdebug[39m: loadFileContents
01:38:39 - [34mdebug[39m: loadFileContents
01:38:39 - [34mdebug[39m: fromDirectory
01:38:39 - [34mdebug[39m: loadFilesContents
01:38:40 - [34mdebug[39m: loadFilesContents
01:38:40 - [34mdebug[39m: loadFilesContents
01:38:40 - [34mdebug[39m: loadFilesContents
01:38:40 - [34mdebug[39m: loadFileContents
01:38:40 - [34mdebug[39m: fromDirectory
01:38:40 - [34mdebug[39m: loadFilesContents
01:38:40 - [34mdebug[39m: loadFilesContents
01:38:40 - [34mdebug[39m: loadFilesContents
01:38:40 - [34mdebug[39m: loadFilesContents
01:38:40 - [34mdebug[39m: loadFileContents
01:38:40 - [34mdebug[39m: loadFileContents
01:38:40 - [34mdebug[39m: loadFileContents
01:38:40 - [34mdebug[39m: loadFileContents
01:38:42 - [34mdebug[39m: fromDirectory
01:38:42 - [34mdebug[39m: loadFileContents
01:38:42 - [34mdebug[39m: fromDirectory
01:38:42 - [34mdebug[39m: fromDirectory
01:38:42 - [34mdebug[39m: loadFilesContents
01:38:42 - [34mdebug[39m: loadFilesContents
01:38:42 - [34mdebug[39m: loadFilesContents
01:38:42 - [34mdebug[39m: loadFilesContents
01:38:42 - [34mdebug[39m: loadFileContents
01:39:17 - [34mdebug[39m: loadFileContents
01:39:17 - [34mdebug[39m: loadFileBuffer
01:39:17 - [34mdebug[39m: loadFileContents
01:39:17 - [34mdebug[39m: loadFileContents
01:39:17 - [34mdebug[39m: fromDirectory
01:39:17 - [34mdebug[39m: loadFilesContents
01:39:17 - [34mdebug[39m: loadFilesContents
01:39:17 - [34mdebug[39m: loadFilesContents
01:39:17 - [34mdebug[39m: loadFilesContents
01:39:17 - [34mdebug[39m: loadFileContents
01:39:17 - [34mdebug[39m: fromDirectory
01:39:17 - [34mdebug[39m: loadFilesContents
01:39:17 - [34mdebug[39m: loadFilesContents
01:39:17 - [34mdebug[39m: loadFilesContents
01:39:17 - [34mdebug[39m: loadFilesContents
01:39:17 - [34mdebug[39m: loadFileContents
01:39:17 - [34mdebug[39m: loadFileContents
01:39:17 - [34mdebug[39m: loadFileContents
01:39:17 - [34mdebug[39m: loadFileContents
01:39:19 - [34mdebug[39m: fromDirectory
01:39:19 - [34mdebug[39m: loadFileContents
01:39:19 - [34mdebug[39m: fromDirectory
01:39:19 - [34mdebug[39m: fromDirectory
01:39:19 - [34mdebug[39m: loadFilesContents
01:39:19 - [34mdebug[39m: loadFilesContents
01:39:19 - [34mdebug[39m: loadFilesContents
01:39:19 - [34mdebug[39m: loadFilesContents
01:39:19 - [34mdebug[39m: loadFileContents
01:39:53 - [34mdebug[39m: loadFileContents
01:39:53 - [34mdebug[39m: loadFileBuffer
01:39:53 - [34mdebug[39m: loadFileContents
01:39:53 - [34mdebug[39m: loadFileContents
01:39:53 - [34mdebug[39m: fromDirectory
01:39:53 - [34mdebug[39m: loadFilesContents
01:39:53 - [34mdebug[39m: loadFilesContents
01:39:53 - [34mdebug[39m: loadFilesContents
01:39:53 - [34mdebug[39m: loadFilesContents
01:39:53 - [34mdebug[39m: loadFileContents
01:39:53 - [34mdebug[39m: fromDirectory
01:39:53 - [34mdebug[39m: loadFilesContents
01:39:53 - [34mdebug[39m: loadFilesContents
01:39:53 - [34mdebug[39m: loadFilesContents
01:39:53 - [34mdebug[39m: loadFilesContents
01:39:53 - [34mdebug[39m: loadFileContents
01:39:53 - [34mdebug[39m: loadFileContents
01:39:53 - [34mdebug[39m: loadFileContents
01:39:53 - [34mdebug[39m: loadFileContents
01:39:55 - [34mdebug[39m: fromDirectory
01:39:55 - [34mdebug[39m: loadFileContents
01:39:55 - [34mdebug[39m: fromDirectory
01:39:55 - [34mdebug[39m: fromDirectory
01:39:55 - [34mdebug[39m: loadFilesContents
01:39:55 - [34mdebug[39m: loadFilesContents
01:39:55 - [34mdebug[39m: loadFilesContents
01:39:55 - [34mdebug[39m: loadFilesContents
01:39:55 - [34mdebug[39m: loadFileContents
01:40:13 - [34mdebug[39m: loadFileContents
01:40:13 - [34mdebug[39m: loadFileBuffer
01:40:13 - [34mdebug[39m: loadFileContents
01:40:13 - [34mdebug[39m: loadFileContents
01:40:13 - [34mdebug[39m: fromDirectory
01:40:13 - [34mdebug[39m: loadFilesContents
01:40:13 - [34mdebug[39m: loadFilesContents
01:40:13 - [34mdebug[39m: loadFilesContents
01:40:13 - [34mdebug[39m: loadFilesContents
01:40:13 - [34mdebug[39m: loadFileContents
01:40:13 - [34mdebug[39m: fromDirectory
01:40:13 - [34mdebug[39m: loadFilesContents
01:40:13 - [34mdebug[39m: loadFilesContents
01:40:13 - [34mdebug[39m: loadFilesContents
01:40:13 - [34mdebug[39m: loadFilesContents
01:40:13 - [34mdebug[39m: loadFileContents
01:40:13 - [34mdebug[39m: loadFileContents
01:40:13 - [34mdebug[39m: loadFileContents
01:40:13 - [34mdebug[39m: loadFileContents
01:40:15 - [34mdebug[39m: fromDirectory
01:40:15 - [34mdebug[39m: loadFileContents
01:40:15 - [34mdebug[39m: fromDirectory
01:40:15 - [34mdebug[39m: fromDirectory
01:40:15 - [34mdebug[39m: loadFilesContents
01:40:15 - [34mdebug[39m: loadFilesContents
01:40:15 - [34mdebug[39m: loadFilesContents
01:40:15 - [34mdebug[39m: loadFilesContents
01:40:15 - [34mdebug[39m: loadFileContents
01:41:46 - [34mdebug[39m: loadFileContents
01:41:46 - [34mdebug[39m: loadFileBuffer
01:41:46 - [34mdebug[39m: loadFileContents
01:41:46 - [34mdebug[39m: loadFileContents
01:41:46 - [34mdebug[39m: fromDirectory
01:41:46 - [34mdebug[39m: loadFilesContents
01:41:46 - [34mdebug[39m: loadFilesContents
01:41:46 - [34mdebug[39m: loadFilesContents
01:41:46 - [34mdebug[39m: loadFilesContents
01:41:46 - [34mdebug[39m: loadFileContents
01:41:46 - [34mdebug[39m: fromDirectory
01:41:46 - [34mdebug[39m: loadFilesContents
01:41:46 - [34mdebug[39m: loadFilesContents
01:41:46 - [34mdebug[39m: loadFilesContents
01:41:46 - [34mdebug[39m: loadFilesContents
01:41:46 - [34mdebug[39m: loadFileContents
01:41:46 - [34mdebug[39m: loadFileContents
01:41:46 - [34mdebug[39m: loadFileContents
01:41:46 - [34mdebug[39m: loadFileContents
01:41:47 - [34mdebug[39m: fromDirectory
01:41:47 - [34mdebug[39m: loadFileContents
01:41:47 - [34mdebug[39m: fromDirectory
01:41:47 - [34mdebug[39m: fromDirectory
01:41:47 - [34mdebug[39m: loadFilesContents
01:41:47 - [34mdebug[39m: loadFilesContents
01:41:47 - [34mdebug[39m: loadFilesContents
01:41:47 - [34mdebug[39m: loadFilesContents
01:41:47 - [34mdebug[39m: loadFileContents
01:42:44 - [34mdebug[39m: loadFileContents
01:42:44 - [34mdebug[39m: loadFileBuffer
01:42:44 - [34mdebug[39m: loadFileContents
01:42:44 - [34mdebug[39m: loadFileContents
01:42:44 - [34mdebug[39m: fromDirectory
01:42:44 - [34mdebug[39m: loadFilesContents
01:42:44 - [34mdebug[39m: loadFilesContents
01:42:44 - [34mdebug[39m: loadFilesContents
01:42:44 - [34mdebug[39m: loadFilesContents
01:42:44 - [34mdebug[39m: loadFileContents
01:42:44 - [34mdebug[39m: fromDirectory
01:42:44 - [34mdebug[39m: loadFilesContents
01:42:44 - [34mdebug[39m: loadFilesContents
01:42:44 - [34mdebug[39m: loadFilesContents
01:42:44 - [34mdebug[39m: loadFilesContents
01:42:44 - [34mdebug[39m: loadFileContents
01:42:44 - [34mdebug[39m: loadFileContents
01:42:44 - [34mdebug[39m: loadFileContents
01:42:44 - [34mdebug[39m: loadFileContents
01:42:46 - [34mdebug[39m: fromDirectory
01:42:46 - [34mdebug[39m: loadFileContents
01:42:46 - [34mdebug[39m: fromDirectory
01:42:46 - [34mdebug[39m: fromDirectory
01:42:46 - [34mdebug[39m: loadFilesContents
01:42:46 - [34mdebug[39m: loadFilesContents
01:42:46 - [34mdebug[39m: loadFilesContents
01:42:46 - [34mdebug[39m: loadFilesContents
01:42:46 - [34mdebug[39m: loadFileContents
01:43:38 - [34mdebug[39m: loadFileContents
01:43:38 - [34mdebug[39m: loadFileBuffer
01:43:38 - [34mdebug[39m: loadFileContents
01:43:38 - [34mdebug[39m: loadFileContents
01:43:38 - [34mdebug[39m: fromDirectory
01:43:38 - [34mdebug[39m: loadFilesContents
01:43:38 - [34mdebug[39m: loadFilesContents
01:43:38 - [34mdebug[39m: loadFilesContents
01:43:38 - [34mdebug[39m: loadFilesContents
01:43:38 - [34mdebug[39m: loadFileContents
01:43:38 - [34mdebug[39m: fromDirectory
01:43:38 - [34mdebug[39m: loadFilesContents
01:43:38 - [34mdebug[39m: loadFilesContents
01:43:38 - [34mdebug[39m: loadFilesContents
01:43:38 - [34mdebug[39m: loadFilesContents
01:43:38 - [34mdebug[39m: loadFileContents
01:43:38 - [34mdebug[39m: loadFileContents
01:43:38 - [34mdebug[39m: loadFileContents
01:43:38 - [34mdebug[39m: loadFileContents
01:43:41 - [34mdebug[39m: fromDirectory
01:43:41 - [34mdebug[39m: loadFileContents
01:43:41 - [34mdebug[39m: fromDirectory
01:43:41 - [34mdebug[39m: fromDirectory
01:43:41 - [34mdebug[39m: loadFilesContents
01:43:41 - [34mdebug[39m: loadFilesContents
01:43:41 - [34mdebug[39m: loadFilesContents
01:43:41 - [34mdebug[39m: loadFilesContents
01:43:41 - [34mdebug[39m: loadFileContents
01:44:17 - [34mdebug[39m: loadFileContents
01:44:17 - [34mdebug[39m: loadFileBuffer
01:44:17 - [34mdebug[39m: loadFileContents
01:44:17 - [34mdebug[39m: loadFileContents
01:44:17 - [34mdebug[39m: fromDirectory
01:44:17 - [34mdebug[39m: loadFilesContents
01:44:17 - [34mdebug[39m: loadFilesContents
01:44:17 - [34mdebug[39m: loadFilesContents
01:44:17 - [34mdebug[39m: loadFilesContents
01:44:17 - [34mdebug[39m: loadFileContents
01:44:17 - [34mdebug[39m: fromDirectory
01:44:17 - [34mdebug[39m: loadFilesContents
01:44:17 - [34mdebug[39m: loadFilesContents
01:44:17 - [34mdebug[39m: loadFilesContents
01:44:17 - [34mdebug[39m: loadFilesContents
01:44:17 - [34mdebug[39m: loadFileContents
01:44:17 - [34mdebug[39m: loadFileContents
01:44:17 - [34mdebug[39m: loadFileContents
01:44:17 - [34mdebug[39m: loadFileContents
01:44:21 - [34mdebug[39m: fromDirectory
01:44:21 - [34mdebug[39m: loadFileContents
01:44:21 - [34mdebug[39m: fromDirectory
01:44:21 - [34mdebug[39m: fromDirectory
01:44:21 - [34mdebug[39m: loadFilesContents
01:44:21 - [34mdebug[39m: loadFilesContents
01:44:21 - [34mdebug[39m: loadFilesContents
01:44:21 - [34mdebug[39m: loadFilesContents
01:44:21 - [34mdebug[39m: loadFileContents
01:44:47 - [34mdebug[39m: loadFileContents
01:44:47 - [34mdebug[39m: loadFileBuffer
01:44:47 - [34mdebug[39m: loadFileContents
01:44:47 - [34mdebug[39m: loadFileContents
01:44:47 - [34mdebug[39m: fromDirectory
01:44:47 - [34mdebug[39m: loadFilesContents
01:44:47 - [34mdebug[39m: loadFilesContents
01:44:47 - [34mdebug[39m: loadFilesContents
01:44:47 - [34mdebug[39m: loadFilesContents
01:44:47 - [34mdebug[39m: loadFileContents
01:44:47 - [34mdebug[39m: fromDirectory
01:44:47 - [34mdebug[39m: loadFilesContents
01:44:47 - [34mdebug[39m: loadFilesContents
01:44:47 - [34mdebug[39m: loadFilesContents
01:44:47 - [34mdebug[39m: loadFilesContents
01:44:47 - [34mdebug[39m: loadFileContents
01:44:47 - [34mdebug[39m: loadFileContents
01:44:47 - [34mdebug[39m: loadFileContents
01:44:47 - [34mdebug[39m: loadFileContents
01:44:49 - [34mdebug[39m: fromDirectory
01:44:49 - [34mdebug[39m: loadFileContents
01:44:49 - [34mdebug[39m: fromDirectory
01:44:49 - [34mdebug[39m: fromDirectory
01:44:49 - [34mdebug[39m: loadFilesContents
01:44:49 - [34mdebug[39m: loadFilesContents
01:44:49 - [34mdebug[39m: loadFilesContents
01:44:49 - [34mdebug[39m: loadFilesContents
01:44:49 - [34mdebug[39m: loadFileContents
01:46:04 - [34mdebug[39m: loadFileContents
01:46:04 - [34mdebug[39m: loadFileBuffer
01:46:04 - [34mdebug[39m: loadFileContents
01:46:04 - [34mdebug[39m: loadFileContents
01:46:04 - [34mdebug[39m: fromDirectory
01:46:04 - [34mdebug[39m: loadFilesContents
01:46:04 - [34mdebug[39m: loadFilesContents
01:46:04 - [34mdebug[39m: loadFilesContents
01:46:04 - [34mdebug[39m: loadFilesContents
01:46:04 - [34mdebug[39m: loadFileContents
01:46:04 - [34mdebug[39m: fromDirectory
01:46:04 - [34mdebug[39m: loadFilesContents
01:46:04 - [34mdebug[39m: loadFilesContents
01:46:04 - [34mdebug[39m: loadFilesContents
01:46:04 - [34mdebug[39m: loadFilesContents
01:46:04 - [34mdebug[39m: loadFileContents
01:46:04 - [34mdebug[39m: loadFileContents
01:46:04 - [34mdebug[39m: loadFileContents
01:46:04 - [34mdebug[39m: loadFileContents
01:46:07 - [34mdebug[39m: fromDirectory
01:46:07 - [34mdebug[39m: loadFileContents
01:46:07 - [34mdebug[39m: fromDirectory
01:46:07 - [34mdebug[39m: fromDirectory
01:46:07 - [34mdebug[39m: loadFilesContents
01:46:07 - [34mdebug[39m: loadFilesContents
01:46:07 - [34mdebug[39m: loadFilesContents
01:46:07 - [34mdebug[39m: loadFilesContents
01:46:07 - [34mdebug[39m: loadFileContents
01:46:08 - [34mdebug[39m: Setting clause data: {"$class":"org.accordproject.helloworld.HelloWorldClause","patientName":"...","legalName":"...","surgeonName":"...","date":"...","clauseId":"27173212-74a3-4419-9211-775983b06bf6"}
01:46:33 - [34mdebug[39m: loadFileContents
01:46:33 - [34mdebug[39m: loadFileBuffer
01:46:33 - [34mdebug[39m: loadFileContents
01:46:33 - [34mdebug[39m: loadFileContents
01:46:33 - [34mdebug[39m: fromDirectory
01:46:33 - [34mdebug[39m: loadFilesContents
01:46:33 - [34mdebug[39m: loadFilesContents
01:46:33 - [34mdebug[39m: loadFilesContents
01:46:33 - [34mdebug[39m: loadFilesContents
01:46:33 - [34mdebug[39m: loadFileContents
01:46:33 - [34mdebug[39m: fromDirectory
01:46:33 - [34mdebug[39m: loadFilesContents
01:46:33 - [34mdebug[39m: loadFilesContents
01:46:33 - [34mdebug[39m: loadFilesContents
01:46:33 - [34mdebug[39m: loadFilesContents
01:46:33 - [34mdebug[39m: loadFileContents
01:46:33 - [34mdebug[39m: loadFileContents
01:46:33 - [34mdebug[39m: loadFileContents
01:46:33 - [34mdebug[39m: loadFileContents
01:46:35 - [34mdebug[39m: fromDirectory
01:46:36 - [34mdebug[39m: loadFileContents
01:46:36 - [34mdebug[39m: fromDirectory
01:46:36 - [34mdebug[39m: fromDirectory
01:46:36 - [34mdebug[39m: loadFilesContents
01:46:36 - [34mdebug[39m: loadFilesContents
01:46:36 - [34mdebug[39m: loadFilesContents
01:46:36 - [34mdebug[39m: loadFilesContents
01:46:36 - [34mdebug[39m: loadFileContents
01:46:36 - [34mdebug[39m: Setting clause data: {"$class":"org.accordproject.helloworld.HelloWorldClause","patientName":"...","legalName":"...","surgeonName":"...","date":"...","clauseId":"2b9811dd-f70e-460e-b638-8f841a375e03"}
01:47:01 - [34mdebug[39m: loadFileContents
01:47:01 - [34mdebug[39m: loadFileBuffer
01:47:01 - [34mdebug[39m: loadFileContents
01:47:01 - [34mdebug[39m: loadFileContents
01:47:01 - [34mdebug[39m: fromDirectory
01:47:01 - [34mdebug[39m: loadFilesContents
01:47:01 - [34mdebug[39m: loadFilesContents
01:47:01 - [34mdebug[39m: loadFilesContents
01:47:01 - [34mdebug[39m: loadFilesContents
01:47:01 - [34mdebug[39m: loadFileContents
01:47:01 - [34mdebug[39m: fromDirectory
01:47:01 - [34mdebug[39m: loadFilesContents
01:47:01 - [34mdebug[39m: loadFilesContents
01:47:01 - [34mdebug[39m: loadFilesContents
01:47:01 - [34mdebug[39m: loadFilesContents
01:47:01 - [34mdebug[39m: loadFileContents
01:47:01 - [34mdebug[39m: loadFileContents
01:47:01 - [34mdebug[39m: loadFileContents
01:47:01 - [34mdebug[39m: loadFileContents
01:47:03 - [34mdebug[39m: fromDirectory
01:47:03 - [34mdebug[39m: loadFileContents
01:47:03 - [34mdebug[39m: fromDirectory
01:47:03 - [34mdebug[39m: fromDirectory
01:47:03 - [34mdebug[39m: loadFilesContents
01:47:03 - [34mdebug[39m: loadFilesContents
01:47:03 - [34mdebug[39m: loadFilesContents
01:47:03 - [34mdebug[39m: loadFilesContents
01:47:03 - [34mdebug[39m: loadFileContents
01:47:04 - [34mdebug[39m: Setting clause data: {"$class":"org.accordproject.helloworld.HelloWorldClause","patientName":"...","legalName":"...","surgeonName":"...","date":"...","clauseId":"d53455cc-d465-4ede-9ab9-87eecad3c0d3"}
01:49:34 - [34mdebug[39m: loadFileContents
01:49:34 - [34mdebug[39m: loadFileBuffer
01:49:34 - [34mdebug[39m: loadFileContents
01:49:34 - [34mdebug[39m: loadFileContents
01:49:34 - [34mdebug[39m: fromDirectory
01:49:34 - [34mdebug[39m: loadFilesContents
01:49:34 - [34mdebug[39m: loadFilesContents
01:49:34 - [34mdebug[39m: loadFilesContents
01:49:34 - [34mdebug[39m: loadFilesContents
01:49:34 - [34mdebug[39m: loadFileContents
01:49:34 - [34mdebug[39m: fromDirectory
01:49:34 - [34mdebug[39m: loadFilesContents
01:49:34 - [34mdebug[39m: loadFilesContents
01:49:34 - [34mdebug[39m: loadFilesContents
01:49:34 - [34mdebug[39m: loadFilesContents
01:49:34 - [34mdebug[39m: loadFileContents
01:49:34 - [34mdebug[39m: loadFileContents
01:49:34 - [34mdebug[39m: loadFileContents
01:49:34 - [34mdebug[39m: loadFileContents
01:49:37 - [34mdebug[39m: fromDirectory
01:49:37 - [34mdebug[39m: loadFileContents
01:49:37 - [34mdebug[39m: fromDirectory
01:49:37 - [34mdebug[39m: fromDirectory
01:49:37 - [34mdebug[39m: loadFilesContents
01:49:37 - [34mdebug[39m: loadFilesContents
01:49:37 - [34mdebug[39m: loadFilesContents
01:49:37 - [34mdebug[39m: loadFilesContents
01:49:37 - [34mdebug[39m: loadFileContents
01:49:37 - [34mdebug[39m: Setting clause data: {"$class":"org.accordproject.helloworld.HelloWorldClause","patientName":"...","legalName":"...","surgeonName":"...","date":"...","clauseId":"ac78e648-8a5c-46cd-a1fb-d19f8280b65b"}
01:50:25 - [34mdebug[39m: loadFileContents
01:50:25 - [34mdebug[39m: loadFileBuffer
01:50:25 - [34mdebug[39m: loadFileContents
01:50:25 - [34mdebug[39m: loadFileContents
01:50:25 - [34mdebug[39m: fromDirectory
01:50:25 - [34mdebug[39m: loadFilesContents
01:50:25 - [34mdebug[39m: loadFilesContents
01:50:25 - [34mdebug[39m: loadFilesContents
01:50:25 - [34mdebug[39m: loadFilesContents
01:50:25 - [34mdebug[39m: loadFileContents
01:50:25 - [34mdebug[39m: fromDirectory
01:50:25 - [34mdebug[39m: loadFilesContents
01:50:25 - [34mdebug[39m: loadFilesContents
01:50:25 - [34mdebug[39m: loadFilesContents
01:50:25 - [34mdebug[39m: loadFilesContents
01:50:25 - [34mdebug[39m: loadFileContents
01:50:25 - [34mdebug[39m: loadFileContents
01:50:25 - [34mdebug[39m: loadFileContents
01:50:25 - [34mdebug[39m: loadFileContents
01:50:28 - [34mdebug[39m: fromDirectory
01:50:28 - [34mdebug[39m: loadFileContents
01:50:28 - [34mdebug[39m: fromDirectory
01:50:28 - [34mdebug[39m: fromDirectory
01:50:28 - [34mdebug[39m: loadFilesContents
01:50:28 - [34mdebug[39m: loadFilesContents
01:50:28 - [34mdebug[39m: loadFilesContents
01:50:28 - [34mdebug[39m: loadFilesContents
01:50:28 - [34mdebug[39m: loadFileContents
01:50:29 - [34mdebug[39m: Setting clause data: {"$class":"org.accordproject.helloworld.HelloWorldClause","patientName":"...","legalName":"...","surgeonName":"...","date":"...","clauseId":"f74eb7f1-b4d0-4471-a1ad-614df2c22580"}
01:51:07 - [34mdebug[39m: loadFileContents
01:51:07 - [34mdebug[39m: loadFileBuffer
01:51:07 - [34mdebug[39m: loadFileContents
01:51:07 - [34mdebug[39m: loadFileContents
01:51:07 - [34mdebug[39m: fromDirectory
01:51:07 - [34mdebug[39m: loadFilesContents
01:51:07 - [34mdebug[39m: loadFilesContents
01:51:07 - [34mdebug[39m: loadFilesContents
01:51:07 - [34mdebug[39m: loadFilesContents
01:51:07 - [34mdebug[39m: loadFileContents
01:51:07 - [34mdebug[39m: fromDirectory
01:51:07 - [34mdebug[39m: loadFilesContents
01:51:07 - [34mdebug[39m: loadFilesContents
01:51:07 - [34mdebug[39m: loadFilesContents
01:51:07 - [34mdebug[39m: loadFilesContents
01:51:07 - [34mdebug[39m: loadFileContents
01:51:07 - [34mdebug[39m: loadFileContents
01:51:07 - [34mdebug[39m: loadFileContents
01:51:07 - [34mdebug[39m: loadFileContents
01:51:11 - [34mdebug[39m: fromDirectory
01:51:11 - [34mdebug[39m: loadFileContents
01:51:11 - [34mdebug[39m: fromDirectory
01:51:11 - [34mdebug[39m: fromDirectory
01:51:11 - [34mdebug[39m: loadFilesContents
01:51:11 - [34mdebug[39m: loadFilesContents
01:51:11 - [34mdebug[39m: loadFilesContents
01:51:11 - [34mdebug[39m: loadFilesContents
01:51:11 - [34mdebug[39m: loadFileContents
01:51:11 - [34mdebug[39m: Setting clause data: {"$class":"org.accordproject.helloworld.HelloWorldClause","patientName":"...","legalName":"...","surgeonName":"...","date":"...","clauseId":"817fa752-3c2c-42dc-a6a2-4f8d21d90585"}
01:53:01 - [34mdebug[39m: loadFileContents
01:53:01 - [34mdebug[39m: loadFileBuffer
01:53:01 - [34mdebug[39m: loadFileContents
01:53:01 - [34mdebug[39m: loadFileContents
01:53:01 - [34mdebug[39m: fromDirectory
01:53:01 - [34mdebug[39m: loadFilesContents
01:53:01 - [34mdebug[39m: loadFilesContents
01:53:01 - [34mdebug[39m: loadFilesContents
01:53:01 - [34mdebug[39m: loadFilesContents
01:53:01 - [34mdebug[39m: loadFileContents
01:53:01 - [34mdebug[39m: fromDirectory
01:53:01 - [34mdebug[39m: loadFilesContents
01:53:01 - [34mdebug[39m: loadFilesContents
01:53:01 - [34mdebug[39m: loadFilesContents
01:53:01 - [34mdebug[39m: loadFilesContents
01:53:01 - [34mdebug[39m: loadFileContents
01:53:01 - [34mdebug[39m: loadFileContents
01:53:01 - [34mdebug[39m: loadFileContents
01:53:01 - [34mdebug[39m: loadFileContents
01:53:04 - [34mdebug[39m: fromDirectory
01:53:04 - [34mdebug[39m: loadFileContents
01:53:04 - [34mdebug[39m: fromDirectory
01:53:04 - [34mdebug[39m: fromDirectory
01:53:04 - [34mdebug[39m: loadFilesContents
01:53:04 - [34mdebug[39m: loadFilesContents
01:53:04 - [34mdebug[39m: loadFilesContents
01:53:04 - [34mdebug[39m: loadFilesContents
01:53:04 - [34mdebug[39m: loadFileContents
01:53:04 - [34mdebug[39m: Setting clause data: {"$class":"org.accordproject.helloworld.HelloWorldClause","patientName":"...","legalName":"...","surgeonName":"...","date":"...","clauseId":"19d737cf-6186-4bfc-8d35-ce944006370e"}
01:54:59 - [34mdebug[39m: loadFileContents
01:54:59 - [34mdebug[39m: loadFileBuffer
01:54:59 - [34mdebug[39m: loadFileContents
01:54:59 - [34mdebug[39m: loadFileContents
01:54:59 - [34mdebug[39m: fromDirectory
01:54:59 - [34mdebug[39m: loadFilesContents
01:54:59 - [34mdebug[39m: loadFilesContents
01:54:59 - [34mdebug[39m: loadFilesContents
01:54:59 - [34mdebug[39m: loadFilesContents
01:54:59 - [34mdebug[39m: loadFileContents
01:54:59 - [34mdebug[39m: fromDirectory
01:54:59 - [34mdebug[39m: loadFilesContents
01:54:59 - [34mdebug[39m: loadFilesContents
01:54:59 - [34mdebug[39m: loadFilesContents
01:54:59 - [34mdebug[39m: loadFilesContents
01:54:59 - [34mdebug[39m: loadFileContents
01:54:59 - [34mdebug[39m: loadFileContents
01:54:59 - [34mdebug[39m: loadFileContents
01:54:59 - [34mdebug[39m: loadFileContents
01:55:01 - [34mdebug[39m: fromDirectory
01:55:01 - [34mdebug[39m: loadFileContents
01:55:01 - [34mdebug[39m: fromDirectory
01:55:01 - [34mdebug[39m: fromDirectory
01:55:01 - [34mdebug[39m: loadFilesContents
01:55:01 - [34mdebug[39m: loadFilesContents
01:55:01 - [34mdebug[39m: loadFilesContents
01:55:01 - [34mdebug[39m: loadFilesContents
01:55:01 - [34mdebug[39m: loadFileContents
01:55:02 - [34mdebug[39m: Setting clause data: {"$class":"org.accordproject.helloworld.HelloWorldClause","patientName":"...","legalName":"...","surgeonName":"...","date":"...","clauseId":"54836be1-3187-4bd9-a377-5a8efcbdc841"}
01:56:33 - [34mdebug[39m: loadFileContents
01:56:33 - [34mdebug[39m: loadFileBuffer
01:56:33 - [34mdebug[39m: loadFileContents
01:56:33 - [34mdebug[39m: loadFileContents
01:56:33 - [34mdebug[39m: fromDirectory
01:56:33 - [34mdebug[39m: loadFilesContents
01:56:34 - [34mdebug[39m: loadFilesContents
01:56:34 - [34mdebug[39m: loadFilesContents
01:56:34 - [34mdebug[39m: loadFilesContents
01:56:34 - [34mdebug[39m: loadFileContents
01:56:34 - [34mdebug[39m: fromDirectory
01:56:34 - [34mdebug[39m: loadFilesContents
01:56:34 - [34mdebug[39m: loadFilesContents
01:56:34 - [34mdebug[39m: loadFilesContents
01:56:34 - [34mdebug[39m: loadFilesContents
01:56:34 - [34mdebug[39m: loadFileContents
01:56:34 - [34mdebug[39m: loadFileContents
01:56:34 - [34mdebug[39m: loadFileContents
01:56:34 - [34mdebug[39m: loadFileContents
01:56:35 - [34mdebug[39m: fromDirectory
01:56:35 - [34mdebug[39m: loadFileContents
01:56:35 - [34mdebug[39m: fromDirectory
01:56:35 - [34mdebug[39m: fromDirectory
01:56:35 - [34mdebug[39m: loadFilesContents
01:56:35 - [34mdebug[39m: loadFilesContents
01:56:35 - [34mdebug[39m: loadFilesContents
01:56:35 - [34mdebug[39m: loadFilesContents
01:56:35 - [34mdebug[39m: loadFileContents
01:56:36 - [34mdebug[39m: Setting clause data: {"$class":"org.accordproject.helloworld.HelloWorldClause","patientName":"...","legalName":"...","surgeonName":"...","date":"...","clauseId":"f007b278-9b40-4b53-80d6-c723ac99f1dd"}
01:56:48 - [34mdebug[39m: loadFileContents
01:56:48 - [34mdebug[39m: loadFileBuffer
01:56:48 - [34mdebug[39m: loadFileContents
01:56:48 - [34mdebug[39m: loadFileContents
01:56:48 - [34mdebug[39m: fromDirectory
01:56:48 - [34mdebug[39m: loadFilesContents
01:56:48 - [34mdebug[39m: loadFilesContents
01:56:48 - [34mdebug[39m: loadFilesContents
01:56:48 - [34mdebug[39m: loadFilesContents
01:56:48 - [34mdebug[39m: loadFileContents
01:56:48 - [34mdebug[39m: fromDirectory
01:56:48 - [34mdebug[39m: loadFilesContents
01:56:48 - [34mdebug[39m: loadFilesContents
01:56:48 - [34mdebug[39m: loadFilesContents
01:56:48 - [34mdebug[39m: loadFilesContents
01:56:48 - [34mdebug[39m: loadFileContents
01:56:48 - [34mdebug[39m: loadFileContents
01:56:48 - [34mdebug[39m: loadFileContents
01:56:48 - [34mdebug[39m: loadFileContents
01:56:51 - [34mdebug[39m: fromDirectory
01:56:51 - [34mdebug[39m: loadFileContents
01:56:51 - [34mdebug[39m: fromDirectory
01:56:51 - [34mdebug[39m: fromDirectory
01:56:51 - [34mdebug[39m: loadFilesContents
01:56:51 - [34mdebug[39m: loadFilesContents
01:56:51 - [34mdebug[39m: loadFilesContents
01:56:51 - [34mdebug[39m: loadFilesContents
01:56:51 - [34mdebug[39m: loadFileContents
01:56:52 - [34mdebug[39m: Setting clause data: {"$class":"org.accordproject.helloworld.HelloWorldClause","patientName":"...","legalName":"...","surgeonName":"...","date":"...","clauseId":"64cca31a-9cd1-410a-8388-b2c51f98de62"}
02:00:43 - [34mdebug[39m: loadFileContents
02:00:43 - [34mdebug[39m: loadFileBuffer
02:00:43 - [34mdebug[39m: loadFileContents
02:00:43 - [34mdebug[39m: loadFileContents
02:00:43 - [34mdebug[39m: fromDirectory
02:00:43 - [34mdebug[39m: loadFilesContents
02:00:43 - [34mdebug[39m: loadFilesContents
02:00:43 - [34mdebug[39m: loadFilesContents
02:00:43 - [34mdebug[39m: loadFilesContents
02:00:43 - [34mdebug[39m: loadFileContents
02:00:43 - [34mdebug[39m: fromDirectory
02:00:43 - [34mdebug[39m: loadFilesContents
02:00:43 - [34mdebug[39m: loadFilesContents
02:00:43 - [34mdebug[39m: loadFilesContents
02:00:43 - [34mdebug[39m: loadFilesContents
02:00:43 - [34mdebug[39m: loadFileContents
02:00:43 - [34mdebug[39m: loadFileContents
02:00:43 - [34mdebug[39m: loadFileContents
02:00:43 - [34mdebug[39m: loadFileContents
02:00:46 - [34mdebug[39m: fromDirectory
02:00:46 - [34mdebug[39m: loadFileContents
02:00:46 - [34mdebug[39m: fromDirectory
02:00:46 - [34mdebug[39m: fromDirectory
02:00:46 - [34mdebug[39m: loadFilesContents
02:00:46 - [34mdebug[39m: loadFilesContents
02:00:46 - [34mdebug[39m: loadFilesContents
02:00:46 - [34mdebug[39m: loadFilesContents
02:00:46 - [34mdebug[39m: loadFileContents
02:00:47 - [34mdebug[39m: Setting clause data: {"$class":"org.accordproject.helloworld.HelloWorldClause","patientName":"Patient Test","legalName":"Legal Test","surgeonName":"Surgeon Test","date":"15/01/2021","clauseId":"078eec68-7c0d-48c9-a86e-9ed2517ee54c"}
02:02:22 - [34mdebug[39m: loadFileContents
02:02:22 - [34mdebug[39m: loadFileBuffer
02:02:22 - [34mdebug[39m: loadFileContents
02:02:22 - [34mdebug[39m: loadFileContents
02:02:22 - [34mdebug[39m: fromDirectory
02:02:22 - [34mdebug[39m: loadFilesContents
02:02:22 - [34mdebug[39m: loadFilesContents
02:02:22 - [34mdebug[39m: loadFilesContents
02:02:22 - [34mdebug[39m: loadFilesContents
02:02:22 - [34mdebug[39m: loadFileContents
02:02:22 - [34mdebug[39m: fromDirectory
02:02:22 - [34mdebug[39m: loadFilesContents
02:02:22 - [34mdebug[39m: loadFilesContents
02:02:22 - [34mdebug[39m: loadFilesContents
02:02:22 - [34mdebug[39m: loadFilesContents
02:02:22 - [34mdebug[39m: loadFileContents
02:02:22 - [34mdebug[39m: loadFileContents
02:02:22 - [34mdebug[39m: loadFileContents
02:02:22 - [34mdebug[39m: loadFileContents
02:02:25 - [34mdebug[39m: fromDirectory
02:02:25 - [34mdebug[39m: loadFileContents
02:02:25 - [34mdebug[39m: fromDirectory
02:02:25 - [34mdebug[39m: fromDirectory
02:02:25 - [34mdebug[39m: loadFilesContents
02:02:25 - [34mdebug[39m: loadFilesContents
02:02:25 - [34mdebug[39m: loadFilesContents
02:02:25 - [34mdebug[39m: loadFilesContents
02:02:25 - [34mdebug[39m: loadFileContents
02:02:25 - [34mdebug[39m: Setting clause data: {"$class":"org.accordproject.helloworld.HelloWorldClause","patientName":"Patient Test","legalName":"Legal Test","surgeonName":"Surgeon Test","date":"15/01/2021","clauseId":"562aa7ca-d69d-42af-81c7-b11a1454f4a0"}
02:02:58 - [34mdebug[39m: loadFileContents
02:02:58 - [34mdebug[39m: loadFileBuffer
02:02:58 - [34mdebug[39m: loadFileContents
02:02:58 - [34mdebug[39m: loadFileContents
02:02:58 - [34mdebug[39m: fromDirectory
02:02:58 - [34mdebug[39m: loadFilesContents
02:02:59 - [34mdebug[39m: loadFilesContents
02:02:59 - [34mdebug[39m: loadFilesContents
02:02:59 - [34mdebug[39m: loadFilesContents
02:02:59 - [34mdebug[39m: loadFileContents
02:02:59 - [34mdebug[39m: fromDirectory
02:02:59 - [34mdebug[39m: loadFilesContents
02:02:59 - [34mdebug[39m: loadFilesContents
02:02:59 - [34mdebug[39m: loadFilesContents
02:02:59 - [34mdebug[39m: loadFilesContents
02:02:59 - [34mdebug[39m: loadFileContents
02:02:59 - [34mdebug[39m: loadFileContents
02:02:59 - [34mdebug[39m: loadFileContents
02:02:59 - [34mdebug[39m: loadFileContents
02:03:02 - [34mdebug[39m: fromDirectory
02:03:02 - [34mdebug[39m: loadFileContents
02:03:02 - [34mdebug[39m: fromDirectory
02:03:02 - [34mdebug[39m: fromDirectory
02:03:02 - [34mdebug[39m: loadFilesContents
02:03:02 - [34mdebug[39m: loadFilesContents
02:03:02 - [34mdebug[39m: loadFilesContents
02:03:02 - [34mdebug[39m: loadFilesContents
02:03:02 - [34mdebug[39m: loadFileContents
02:03:03 - [34mdebug[39m: Setting clause data: {"$class":"org.accordproject.helloworld.HelloWorldClause","patientName":"Patient Test","legalName":"Legal Test","surgeonName":"Surgeon Test","date":"15/01/2021","clauseId":"2022b497-a6d3-4cfb-9664-29eaecad5594"}
02:03:36 - [34mdebug[39m: loadFileContents
02:03:36 - [34mdebug[39m: loadFileBuffer
02:03:36 - [34mdebug[39m: loadFileContents
02:03:36 - [34mdebug[39m: loadFileContents
02:03:36 - [34mdebug[39m: fromDirectory
02:03:36 - [34mdebug[39m: loadFilesContents
02:03:36 - [34mdebug[39m: loadFilesContents
02:03:36 - [34mdebug[39m: loadFilesContents
02:03:36 - [34mdebug[39m: loadFilesContents
02:03:36 - [34mdebug[39m: loadFileContents
02:03:36 - [34mdebug[39m: fromDirectory
02:03:36 - [34mdebug[39m: loadFilesContents
02:03:36 - [34mdebug[39m: loadFilesContents
02:03:36 - [34mdebug[39m: loadFilesContents
02:03:36 - [34mdebug[39m: loadFilesContents
02:03:36 - [34mdebug[39m: loadFileContents
02:03:36 - [34mdebug[39m: loadFileContents
02:03:36 - [34mdebug[39m: loadFileContents
02:03:36 - [34mdebug[39m: loadFileContents
02:03:37 - [34mdebug[39m: fromDirectory
02:03:37 - [34mdebug[39m: loadFileContents
02:03:37 - [34mdebug[39m: fromDirectory
02:03:37 - [34mdebug[39m: fromDirectory
02:03:37 - [34mdebug[39m: loadFilesContents
02:03:37 - [34mdebug[39m: loadFilesContents
02:03:37 - [34mdebug[39m: loadFilesContents
02:03:37 - [34mdebug[39m: loadFilesContents
02:03:38 - [34mdebug[39m: loadFileContents
02:03:38 - [34mdebug[39m: Setting clause data: {"$class":"org.accordproject.helloworld.HelloWorldClause","patientName":"Patient Test","legalName":"Legal Test","surgeonName":"Surgeon Test","date":"15/01/2021","clauseId":"7121cc7b-8b62-4d4f-8422-d9f5bbf624c4"}
02:04:36 - [34mdebug[39m: loadFileContents
02:04:36 - [34mdebug[39m: loadFileBuffer
02:04:36 - [34mdebug[39m: loadFileContents
02:04:36 - [34mdebug[39m: loadFileContents
02:04:36 - [34mdebug[39m: fromDirectory
02:04:36 - [34mdebug[39m: loadFilesContents
02:04:36 - [34mdebug[39m: loadFilesContents
02:04:36 - [34mdebug[39m: loadFilesContents
02:04:36 - [34mdebug[39m: loadFilesContents
02:04:36 - [34mdebug[39m: loadFileContents
02:04:36 - [34mdebug[39m: fromDirectory
02:04:36 - [34mdebug[39m: loadFilesContents
02:04:36 - [34mdebug[39m: loadFilesContents
02:04:36 - [34mdebug[39m: loadFilesContents
02:04:36 - [34mdebug[39m: loadFilesContents
02:04:36 - [34mdebug[39m: loadFileContents
02:04:36 - [34mdebug[39m: loadFileContents
02:04:36 - [34mdebug[39m: loadFileContents
02:04:36 - [34mdebug[39m: loadFileContents
02:04:40 - [34mdebug[39m: fromDirectory
02:04:40 - [34mdebug[39m: loadFileContents
02:04:40 - [34mdebug[39m: fromDirectory
02:04:40 - [34mdebug[39m: fromDirectory
02:04:40 - [34mdebug[39m: loadFilesContents
02:04:40 - [34mdebug[39m: loadFilesContents
02:04:40 - [34mdebug[39m: loadFilesContents
02:04:40 - [34mdebug[39m: loadFilesContents
02:04:40 - [34mdebug[39m: loadFileContents
02:04:41 - [34mdebug[39m: Setting clause data: {"$class":"org.accordproject.helloworld.HelloWorldClause","patientName":"Patient Test","legalName":"Legal Test","surgeonName":"Surgeon Test","date":"15/01/2021","clauseId":"6a6e1455-9588-4472-b8b2-95f8b34d5d37"}
02:04:41 - [34mdebug[39m: Engine processing clause init with state org.accordproject.cicero.contract.AccordContractState
02:07:11 - [34mdebug[39m: loadFileContents
02:07:11 - [34mdebug[39m: loadFileBuffer
02:07:11 - [34mdebug[39m: loadFileContents
02:07:11 - [34mdebug[39m: loadFileContents
02:07:11 - [34mdebug[39m: fromDirectory
02:07:11 - [34mdebug[39m: loadFilesContents
02:07:11 - [34mdebug[39m: loadFilesContents
02:07:11 - [34mdebug[39m: loadFilesContents
02:07:11 - [34mdebug[39m: loadFilesContents
02:07:11 - [34mdebug[39m: loadFileContents
02:07:11 - [34mdebug[39m: fromDirectory
02:07:11 - [34mdebug[39m: loadFilesContents
02:07:11 - [34mdebug[39m: loadFilesContents
02:07:11 - [34mdebug[39m: loadFilesContents
02:07:11 - [34mdebug[39m: loadFilesContents
02:07:11 - [34mdebug[39m: loadFileContents
02:07:11 - [34mdebug[39m: loadFileContents
02:07:11 - [34mdebug[39m: loadFileContents
02:07:11 - [34mdebug[39m: loadFileContents
02:07:14 - [34mdebug[39m: fromDirectory
02:07:14 - [34mdebug[39m: loadFileContents
02:07:14 - [34mdebug[39m: fromDirectory
02:07:14 - [34mdebug[39m: fromDirectory
02:07:14 - [34mdebug[39m: loadFilesContents
02:07:14 - [34mdebug[39m: loadFilesContents
02:07:14 - [34mdebug[39m: loadFilesContents
02:07:14 - [34mdebug[39m: loadFilesContents
02:07:14 - [34mdebug[39m: loadFileContents
02:07:15 - [34mdebug[39m: Setting clause data: {"$class":"org.accordproject.helloworld.HelloWorldClause","patientName":"Patient Test","legalName":"Legal Test","surgeonName":"Surgeon Test","date":"15/01/2021","clauseId":"b8b87b1c-90e5-47e6-8f55-1541036f3297"}
02:07:49 - [34mdebug[39m: loadFileContents
02:07:49 - [34mdebug[39m: loadFileBuffer
02:07:49 - [34mdebug[39m: loadFileContents
02:07:49 - [34mdebug[39m: loadFileContents
02:07:49 - [34mdebug[39m: fromDirectory
02:07:49 - [34mdebug[39m: loadFilesContents
02:07:50 - [34mdebug[39m: loadFilesContents
02:07:50 - [34mdebug[39m: loadFilesContents
02:07:50 - [34mdebug[39m: loadFilesContents
02:07:50 - [34mdebug[39m: loadFileContents
02:07:50 - [34mdebug[39m: fromDirectory
02:07:50 - [34mdebug[39m: loadFilesContents
02:07:50 - [34mdebug[39m: loadFilesContents
02:07:50 - [34mdebug[39m: loadFilesContents
02:07:50 - [34mdebug[39m: loadFilesContents
02:07:50 - [34mdebug[39m: loadFileContents
02:07:50 - [34mdebug[39m: loadFileContents
02:07:50 - [34mdebug[39m: loadFileContents
02:07:50 - [34mdebug[39m: loadFileContents
02:07:53 - [34mdebug[39m: fromDirectory
02:07:53 - [34mdebug[39m: loadFileContents
02:07:53 - [34mdebug[39m: fromDirectory
02:07:53 - [34mdebug[39m: fromDirectory
02:07:53 - [34mdebug[39m: loadFilesContents
02:07:53 - [34mdebug[39m: loadFilesContents
02:07:53 - [34mdebug[39m: loadFilesContents
02:07:53 - [34mdebug[39m: loadFilesContents
02:07:53 - [34mdebug[39m: loadFileContents
02:07:54 - [34mdebug[39m: Setting clause data: {"$class":"org.accordproject.helloworld.HelloWorldClause","patientName":"Patient Test","legalName":"Legal Test","surgeonName":"Surgeon Test","date":"15/01/2021","clauseId":"2f94c324-2cbe-484b-b68d-1d22ec825caa"}
02:09:02 - [34mdebug[39m: loadFileContents
02:09:02 - [34mdebug[39m: loadFileBuffer
02:09:02 - [34mdebug[39m: loadFileContents
02:09:02 - [34mdebug[39m: loadFileContents
02:09:02 - [34mdebug[39m: fromDirectory
02:09:02 - [34mdebug[39m: loadFilesContents
02:09:02 - [34mdebug[39m: loadFilesContents
02:09:02 - [34mdebug[39m: loadFilesContents
02:09:02 - [34mdebug[39m: loadFilesContents
02:09:02 - [34mdebug[39m: loadFileContents
02:09:02 - [34mdebug[39m: fromDirectory
02:09:02 - [34mdebug[39m: loadFilesContents
02:09:02 - [34mdebug[39m: loadFilesContents
02:09:02 - [34mdebug[39m: loadFilesContents
02:09:02 - [34mdebug[39m: loadFilesContents
02:09:02 - [34mdebug[39m: loadFileContents
02:09:02 - [34mdebug[39m: loadFileContents
02:09:02 - [34mdebug[39m: loadFileContents
02:09:02 - [34mdebug[39m: loadFileContents
02:09:04 - [34mdebug[39m: fromDirectory
02:09:04 - [34mdebug[39m: loadFileContents
02:09:04 - [34mdebug[39m: fromDirectory
02:09:04 - [34mdebug[39m: fromDirectory
02:09:04 - [34mdebug[39m: loadFilesContents
02:09:04 - [34mdebug[39m: loadFilesContents
02:09:04 - [34mdebug[39m: loadFilesContents
02:09:04 - [34mdebug[39m: loadFilesContents
02:09:04 - [34mdebug[39m: loadFileContents
02:09:05 - [34mdebug[39m: Setting clause data: {"$class":"org.accordproject.helloworld.HelloWorldClause","patientName":"Patient Test","legalName":"Legal Test","surgeonName":"Surgeon Test","date":"15/01/2021","clauseId":"52824871-075e-4370-aaf9-eede3ebc8916"}
02:09:44 - [34mdebug[39m: loadFileContents
02:09:44 - [34mdebug[39m: loadFileBuffer
02:09:44 - [34mdebug[39m: loadFileContents
02:09:44 - [34mdebug[39m: loadFileContents
02:09:44 - [34mdebug[39m: fromDirectory
02:09:44 - [34mdebug[39m: loadFilesContents
02:09:44 - [34mdebug[39m: loadFilesContents
02:09:44 - [34mdebug[39m: loadFilesContents
02:09:44 - [34mdebug[39m: loadFilesContents
02:09:44 - [34mdebug[39m: loadFileContents
02:09:44 - [34mdebug[39m: fromDirectory
02:09:44 - [34mdebug[39m: loadFilesContents
02:09:44 - [34mdebug[39m: loadFilesContents
02:09:44 - [34mdebug[39m: loadFilesContents
02:09:44 - [34mdebug[39m: loadFilesContents
02:09:44 - [34mdebug[39m: loadFileContents
02:09:44 - [34mdebug[39m: loadFileContents
02:09:44 - [34mdebug[39m: loadFileContents
02:09:44 - [34mdebug[39m: loadFileContents
02:09:47 - [34mdebug[39m: fromDirectory
02:09:47 - [34mdebug[39m: loadFileContents
02:09:47 - [34mdebug[39m: fromDirectory
02:09:47 - [34mdebug[39m: fromDirectory
02:09:47 - [34mdebug[39m: loadFilesContents
02:09:47 - [34mdebug[39m: loadFilesContents
02:09:47 - [34mdebug[39m: loadFilesContents
02:09:47 - [34mdebug[39m: loadFilesContents
02:09:47 - [34mdebug[39m: loadFileContents
02:09:48 - [34mdebug[39m: Setting clause data: {"$class":"org.accordproject.helloworld.HelloWorldClause","patientName":"Patient Test","legalName":"Legal Test","surgeonName":"Surgeon Test","date":"15/01/2021","clauseId":"54112572-ceeb-4ef6-958e-6298f27b9e38"}
02:10:59 - [34mdebug[39m: loadFileContents
02:10:59 - [34mdebug[39m: loadFileBuffer
02:10:59 - [34mdebug[39m: loadFileContents
02:10:59 - [34mdebug[39m: loadFileContents
02:10:59 - [34mdebug[39m: fromDirectory
02:10:59 - [34mdebug[39m: loadFilesContents
02:10:59 - [34mdebug[39m: loadFilesContents
02:10:59 - [34mdebug[39m: loadFilesContents
02:10:59 - [34mdebug[39m: loadFilesContents
02:10:59 - [34mdebug[39m: loadFileContents
02:10:59 - [34mdebug[39m: fromDirectory
02:10:59 - [34mdebug[39m: loadFilesContents
02:10:59 - [34mdebug[39m: loadFilesContents
02:10:59 - [34mdebug[39m: loadFilesContents
02:10:59 - [34mdebug[39m: loadFilesContents
02:10:59 - [34mdebug[39m: loadFileContents
02:10:59 - [34mdebug[39m: loadFileContents
02:10:59 - [34mdebug[39m: loadFileContents
02:10:59 - [34mdebug[39m: loadFileContents
02:11:02 - [34mdebug[39m: fromDirectory
02:11:02 - [34mdebug[39m: loadFileContents
02:11:02 - [34mdebug[39m: fromDirectory
02:11:02 - [34mdebug[39m: fromDirectory
02:11:02 - [34mdebug[39m: loadFilesContents
02:11:02 - [34mdebug[39m: loadFilesContents
02:11:02 - [34mdebug[39m: loadFilesContents
02:11:02 - [34mdebug[39m: loadFilesContents
02:11:02 - [34mdebug[39m: loadFileContents
02:11:03 - [34mdebug[39m: Setting clause data: {"$class":"org.accordproject.helloworld.HelloWorldClause","patientName":"Patient Test","legalName":"Legal Test","surgeonName":"Surgeon Test","date":"15/01/2021","clauseId":"7a49e36d-8f74-46c3-99ea-f6abf631cddc"}
02:11:03 - [34mdebug[39m: Engine processing clause init with state org.accordproject.cicero.contract.AccordContractState
02:11:18 - [34mdebug[39m: loadFileContents
02:11:18 - [34mdebug[39m: loadFileBuffer
02:11:18 - [34mdebug[39m: loadFileContents
02:11:18 - [34mdebug[39m: loadFileContents
02:11:18 - [34mdebug[39m: fromDirectory
02:11:18 - [34mdebug[39m: loadFilesContents
02:11:18 - [34mdebug[39m: loadFilesContents
02:11:18 - [34mdebug[39m: loadFilesContents
02:11:18 - [34mdebug[39m: loadFilesContents
02:11:18 - [34mdebug[39m: loadFileContents
02:11:18 - [34mdebug[39m: fromDirectory
02:11:18 - [34mdebug[39m: loadFilesContents
02:11:18 - [34mdebug[39m: loadFilesContents
02:11:18 - [34mdebug[39m: loadFilesContents
02:11:18 - [34mdebug[39m: loadFilesContents
02:11:18 - [34mdebug[39m: loadFileContents
02:11:18 - [34mdebug[39m: loadFileContents
02:11:18 - [34mdebug[39m: loadFileContents
02:11:18 - [34mdebug[39m: loadFileContents
02:11:21 - [34mdebug[39m: fromDirectory
02:11:21 - [34mdebug[39m: loadFileContents
02:11:21 - [34mdebug[39m: fromDirectory
02:11:21 - [34mdebug[39m: fromDirectory
02:11:21 - [34mdebug[39m: loadFilesContents
02:11:21 - [34mdebug[39m: loadFilesContents
02:11:21 - [34mdebug[39m: loadFilesContents
02:11:21 - [34mdebug[39m: loadFilesContents
02:11:21 - [34mdebug[39m: loadFileContents
02:11:21 - [34mdebug[39m: Setting clause data: {"$class":"org.accordproject.helloworld.HelloWorldClause","patientName":"Patient Test","legalName":"Legal Test","surgeonName":"Surgeon Test","date":"15/01/2021","clauseId":"dc5cacce-45ef-4717-bccd-11093184446c"}
02:11:56 - [34mdebug[39m: loadFileContents
02:11:56 - [34mdebug[39m: loadFileBuffer
02:11:56 - [34mdebug[39m: loadFileContents
02:11:56 - [34mdebug[39m: loadFileContents
02:11:56 - [34mdebug[39m: fromDirectory
02:11:56 - [34mdebug[39m: loadFilesContents
02:11:56 - [34mdebug[39m: loadFilesContents
02:11:56 - [34mdebug[39m: loadFilesContents
02:11:56 - [34mdebug[39m: loadFilesContents
02:11:56 - [34mdebug[39m: loadFileContents
02:11:56 - [34mdebug[39m: fromDirectory
02:11:56 - [34mdebug[39m: loadFilesContents
02:11:56 - [34mdebug[39m: loadFilesContents
02:11:56 - [34mdebug[39m: loadFilesContents
02:11:56 - [34mdebug[39m: loadFilesContents
02:11:56 - [34mdebug[39m: loadFileContents
02:11:56 - [34mdebug[39m: loadFileContents
02:11:56 - [34mdebug[39m: loadFileContents
02:11:56 - [34mdebug[39m: loadFileContents
02:11:58 - [34mdebug[39m: fromDirectory
02:11:58 - [34mdebug[39m: loadFileContents
02:11:58 - [34mdebug[39m: fromDirectory
02:11:58 - [34mdebug[39m: fromDirectory
02:11:58 - [34mdebug[39m: loadFilesContents
02:11:58 - [34mdebug[39m: loadFilesContents
02:11:58 - [34mdebug[39m: loadFilesContents
02:11:58 - [34mdebug[39m: loadFilesContents
02:11:58 - [34mdebug[39m: loadFileContents
02:11:59 - [34mdebug[39m: Setting clause data: {"$class":"org.accordproject.helloworld.HelloWorldClause","patientName":"Patient Test","legalName":"Legal Test","surgeonName":"Surgeon Test","date":"15/01/2021","clauseId":"c8f54618-b289-40e5-9022-d8fba34b62c8"}
02:12:39 - [34mdebug[39m: loadFileContents
02:12:39 - [34mdebug[39m: loadFileBuffer
02:12:39 - [34mdebug[39m: loadFileContents
02:12:39 - [34mdebug[39m: loadFileContents
02:12:39 - [34mdebug[39m: fromDirectory
02:12:39 - [34mdebug[39m: loadFilesContents
02:12:39 - [34mdebug[39m: loadFilesContents
02:12:39 - [34mdebug[39m: loadFilesContents
02:12:39 - [34mdebug[39m: loadFilesContents
02:12:39 - [34mdebug[39m: loadFileContents
02:12:39 - [34mdebug[39m: fromDirectory
02:12:39 - [34mdebug[39m: loadFilesContents
02:12:39 - [34mdebug[39m: loadFilesContents
02:12:39 - [34mdebug[39m: loadFilesContents
02:12:39 - [34mdebug[39m: loadFilesContents
02:12:39 - [34mdebug[39m: loadFileContents
02:12:39 - [34mdebug[39m: loadFileContents
02:12:39 - [34mdebug[39m: loadFileContents
02:12:39 - [34mdebug[39m: loadFileContents
02:12:41 - [34mdebug[39m: fromDirectory
02:12:41 - [34mdebug[39m: loadFileContents
02:12:41 - [34mdebug[39m: fromDirectory
02:12:41 - [34mdebug[39m: fromDirectory
02:12:41 - [34mdebug[39m: loadFilesContents
02:12:41 - [34mdebug[39m: loadFilesContents
02:12:41 - [34mdebug[39m: loadFilesContents
02:12:41 - [34mdebug[39m: loadFilesContents
02:12:41 - [34mdebug[39m: loadFileContents
02:12:42 - [34mdebug[39m: Setting clause data: {"$class":"org.accordproject.helloworld.HelloWorldClause","patientName":"Patient Test","legalName":"Legal Test","surgeonName":"Surgeon Test","date":"15/01/2021","clauseId":"a67f0654-31c0-49f9-b5a6-05df04398fe2"}
02:13:09 - [34mdebug[39m: loadFileContents
02:13:09 - [34mdebug[39m: loadFileBuffer
02:13:09 - [34mdebug[39m: loadFileContents
02:13:09 - [34mdebug[39m: loadFileContents
02:13:09 - [34mdebug[39m: fromDirectory
02:13:09 - [34mdebug[39m: loadFilesContents
02:13:09 - [34mdebug[39m: loadFilesContents
02:13:09 - [34mdebug[39m: loadFilesContents
02:13:09 - [34mdebug[39m: loadFilesContents
02:13:09 - [34mdebug[39m: loadFileContents
02:13:09 - [34mdebug[39m: fromDirectory
02:13:09 - [34mdebug[39m: loadFilesContents
02:13:09 - [34mdebug[39m: loadFilesContents
02:13:09 - [34mdebug[39m: loadFilesContents
02:13:09 - [34mdebug[39m: loadFilesContents
02:13:09 - [34mdebug[39m: loadFileContents
02:13:09 - [34mdebug[39m: loadFileContents
02:13:09 - [34mdebug[39m: loadFileContents
02:13:09 - [34mdebug[39m: loadFileContents
02:13:12 - [34mdebug[39m: fromDirectory
02:13:12 - [34mdebug[39m: loadFileContents
02:13:12 - [34mdebug[39m: fromDirectory
02:13:12 - [34mdebug[39m: fromDirectory
02:13:12 - [34mdebug[39m: loadFilesContents
02:13:12 - [34mdebug[39m: loadFilesContents
02:13:12 - [34mdebug[39m: loadFilesContents
02:13:12 - [34mdebug[39m: loadFilesContents
02:13:12 - [34mdebug[39m: loadFileContents
02:13:13 - [34mdebug[39m: Setting clause data: {"$class":"org.accordproject.helloworld.HelloWorldClause","patientName":"Patient Test","legalName":"Legal Test","surgeonName":"Surgeon Test","date":"2017-11-12T17:38:01.412Z","clauseId":"6f24ce49-5411-42e3-8739-9238085ab7fc"}
02:13:26 - [34mdebug[39m: loadFileContents
02:13:26 - [34mdebug[39m: loadFileBuffer
02:13:26 - [34mdebug[39m: loadFileContents
02:13:26 - [34mdebug[39m: loadFileContents
02:13:26 - [34mdebug[39m: fromDirectory
02:13:26 - [34mdebug[39m: loadFilesContents
02:13:27 - [34mdebug[39m: loadFilesContents
02:13:27 - [34mdebug[39m: loadFilesContents
02:13:27 - [34mdebug[39m: loadFilesContents
02:13:27 - [34mdebug[39m: loadFileContents
02:13:27 - [34mdebug[39m: fromDirectory
02:13:27 - [34mdebug[39m: loadFilesContents
02:13:27 - [34mdebug[39m: loadFilesContents
02:13:27 - [34mdebug[39m: loadFilesContents
02:13:27 - [34mdebug[39m: loadFilesContents
02:13:27 - [34mdebug[39m: loadFileContents
02:13:27 - [34mdebug[39m: loadFileContents
02:13:27 - [34mdebug[39m: loadFileContents
02:13:27 - [34mdebug[39m: loadFileContents
02:13:30 - [34mdebug[39m: fromDirectory
02:13:30 - [34mdebug[39m: loadFileContents
02:13:30 - [34mdebug[39m: fromDirectory
02:13:30 - [34mdebug[39m: fromDirectory
02:13:30 - [34mdebug[39m: loadFilesContents
02:13:30 - [34mdebug[39m: loadFilesContents
02:13:30 - [34mdebug[39m: loadFilesContents
02:13:30 - [34mdebug[39m: loadFilesContents
02:13:30 - [34mdebug[39m: loadFileContents
02:13:31 - [34mdebug[39m: Setting clause data: {"$class":"org.accordproject.helloworld.HelloWorldClause","patientName":"Patient Test","legalName":"Legal Test","surgeonName":"Surgeon Test","date":"2017-11-12T17:38:01.412Z","clauseId":"928bcb2c-89ec-49a4-9137-bb862dd4bede"}
02:13:48 - [34mdebug[39m: loadFileContents
02:13:48 - [34mdebug[39m: loadFileBuffer
02:13:48 - [34mdebug[39m: loadFileContents
02:13:48 - [34mdebug[39m: loadFileContents
02:13:48 - [34mdebug[39m: fromDirectory
02:13:48 - [34mdebug[39m: loadFilesContents
02:13:48 - [34mdebug[39m: loadFilesContents
02:13:48 - [34mdebug[39m: loadFilesContents
02:13:48 - [34mdebug[39m: loadFilesContents
02:13:48 - [34mdebug[39m: loadFileContents
02:13:48 - [34mdebug[39m: fromDirectory
02:13:48 - [34mdebug[39m: loadFilesContents
02:13:48 - [34mdebug[39m: loadFilesContents
02:13:48 - [34mdebug[39m: loadFilesContents
02:13:48 - [34mdebug[39m: loadFilesContents
02:13:48 - [34mdebug[39m: loadFileContents
02:13:48 - [34mdebug[39m: loadFileContents
02:13:48 - [34mdebug[39m: loadFileContents
02:13:48 - [34mdebug[39m: loadFileContents
02:13:52 - [34mdebug[39m: fromDirectory
02:13:52 - [34mdebug[39m: loadFileContents
02:13:52 - [34mdebug[39m: fromDirectory
02:13:52 - [34mdebug[39m: fromDirectory
02:13:52 - [34mdebug[39m: loadFilesContents
02:13:52 - [34mdebug[39m: loadFilesContents
02:13:52 - [34mdebug[39m: loadFilesContents
02:13:52 - [34mdebug[39m: loadFilesContents
02:13:52 - [34mdebug[39m: loadFileContents
02:13:52 - [34mdebug[39m: Setting clause data: {"$class":"org.accordproject.helloworld.HelloWorldClause","patientName":"Patient Test","legalName":"Legal Test","surgeonName":"Surgeon Test","date":"2017-11-12T17:38:01.412Z","clauseId":"6f563cc7-7421-449a-845a-9d6b9c905159"}
02:13:52 - [34mdebug[39m: Engine processing clause init with state org.accordproject.cicero.contract.AccordContractState
02:16:15 - [34mdebug[39m: loadFileContents
02:16:15 - [34mdebug[39m: loadFileBuffer
02:16:15 - [34mdebug[39m: loadFileContents
02:16:15 - [34mdebug[39m: loadFileContents
02:16:15 - [34mdebug[39m: fromDirectory
02:16:15 - [34mdebug[39m: loadFilesContents
02:16:15 - [34mdebug[39m: loadFilesContents
02:16:15 - [34mdebug[39m: loadFilesContents
02:16:15 - [34mdebug[39m: loadFilesContents
02:16:15 - [34mdebug[39m: loadFileContents
02:16:15 - [34mdebug[39m: fromDirectory
02:16:15 - [34mdebug[39m: loadFilesContents
02:16:15 - [34mdebug[39m: loadFilesContents
02:16:15 - [34mdebug[39m: loadFilesContents
02:16:15 - [34mdebug[39m: loadFilesContents
02:16:15 - [34mdebug[39m: loadFileContents
02:16:15 - [34mdebug[39m: loadFileContents
02:16:15 - [34mdebug[39m: loadFileContents
02:16:15 - [34mdebug[39m: loadFileContents
02:16:19 - [34mdebug[39m: fromDirectory
02:16:19 - [34mdebug[39m: loadFileContents
02:16:19 - [34mdebug[39m: fromDirectory
02:16:19 - [34mdebug[39m: fromDirectory
02:16:19 - [34mdebug[39m: loadFilesContents
02:16:19 - [34mdebug[39m: loadFilesContents
02:16:19 - [34mdebug[39m: loadFilesContents
02:16:19 - [34mdebug[39m: loadFilesContents
02:16:19 - [34mdebug[39m: loadFileContents
02:16:20 - [34mdebug[39m: Setting clause data: {"$class":"org.accordproject.helloworld.HelloWorldClause","patientName":"Patient Test","legalName":"Legal Test","surgeonName":"Surgeon Test","date":"2017-11-12T17:38:01.412Z","clauseId":"9e63b728-6a25-470f-921b-69d297f5dac0"}
02:16:20 - [34mdebug[39m: Engine processing clause init with state org.accordproject.cicero.contract.AccordContractState
02:16:52 - [34mdebug[39m: loadFileContents
02:16:52 - [34mdebug[39m: loadFileBuffer
02:16:52 - [34mdebug[39m: loadFileContents
02:16:52 - [34mdebug[39m: loadFileContents
02:16:52 - [34mdebug[39m: fromDirectory
02:16:52 - [34mdebug[39m: loadFilesContents
02:16:52 - [34mdebug[39m: loadFilesContents
02:16:52 - [34mdebug[39m: loadFilesContents
02:16:52 - [34mdebug[39m: loadFilesContents
02:16:52 - [34mdebug[39m: loadFileContents
02:16:52 - [34mdebug[39m: fromDirectory
02:16:52 - [34mdebug[39m: loadFilesContents
02:16:52 - [34mdebug[39m: loadFilesContents
02:16:52 - [34mdebug[39m: loadFilesContents
02:16:52 - [34mdebug[39m: loadFilesContents
02:16:52 - [34mdebug[39m: loadFileContents
02:16:52 - [34mdebug[39m: loadFileContents
02:16:52 - [34mdebug[39m: loadFileContents
02:16:52 - [34mdebug[39m: loadFileContents
02:16:55 - [34mdebug[39m: fromDirectory
02:16:55 - [34mdebug[39m: loadFileContents
02:16:55 - [34mdebug[39m: fromDirectory
02:16:55 - [34mdebug[39m: fromDirectory
02:16:55 - [34mdebug[39m: loadFilesContents
02:16:55 - [34mdebug[39m: loadFilesContents
02:16:55 - [34mdebug[39m: loadFilesContents
02:16:55 - [34mdebug[39m: loadFilesContents
02:16:55 - [34mdebug[39m: loadFileContents
02:16:56 - [34mdebug[39m: Setting clause data: {"$class":"org.accordproject.helloworld.HelloWorldClause","patientName":"Patient Test","legalName":"Legal Test","surgeonName":"Surgeon Test","date":"2017-11-12T17:38:01.412Z","clauseId":"8f65dcf2-f391-4950-b86b-150f3d19b4e0"}
02:16:56 - [34mdebug[39m: Engine processing clause init with state org.accordproject.cicero.contract.AccordContractState
02:17:17 - [34mdebug[39m: loadFileContents
02:17:17 - [34mdebug[39m: loadFileBuffer
02:17:17 - [34mdebug[39m: loadFileContents
02:17:17 - [34mdebug[39m: loadFileContents
02:17:17 - [34mdebug[39m: fromDirectory
02:17:17 - [34mdebug[39m: loadFilesContents
02:17:17 - [34mdebug[39m: loadFilesContents
02:17:17 - [34mdebug[39m: loadFilesContents
02:17:17 - [34mdebug[39m: loadFilesContents
02:17:17 - [34mdebug[39m: loadFileContents
02:17:17 - [34mdebug[39m: fromDirectory
02:17:17 - [34mdebug[39m: loadFilesContents
02:17:17 - [34mdebug[39m: loadFilesContents
02:17:17 - [34mdebug[39m: loadFilesContents
02:17:17 - [34mdebug[39m: loadFilesContents
02:17:17 - [34mdebug[39m: loadFileContents
02:17:17 - [34mdebug[39m: loadFileContents
02:17:17 - [34mdebug[39m: loadFileContents
02:17:17 - [34mdebug[39m: loadFileContents
02:17:20 - [34mdebug[39m: fromDirectory
02:17:20 - [34mdebug[39m: loadFileContents
02:17:20 - [34mdebug[39m: fromDirectory
02:17:20 - [34mdebug[39m: fromDirectory
02:17:20 - [34mdebug[39m: loadFilesContents
02:17:20 - [34mdebug[39m: loadFilesContents
02:17:20 - [34mdebug[39m: loadFilesContents
02:17:20 - [34mdebug[39m: loadFilesContents
02:17:20 - [34mdebug[39m: loadFileContents
02:17:21 - [34mdebug[39m: Setting clause data: {"$class":"org.accordproject.helloworld.HelloWorldClause","patientName":"Patient Test","legalName":"Legal Test","surgeonName":"Surgeon Test","date":"2017-11-12T17:38:01.412Z","clauseId":"c800dccc-c622-41e8-8276-f28c38ae93fa"}
02:17:21 - [34mdebug[39m: Engine processing clause init with state org.accordproject.cicero.contract.AccordContractState
02:20:41 - [34mdebug[39m: loadFileContents
02:20:41 - [34mdebug[39m: loadFileBuffer
02:20:41 - [34mdebug[39m: loadFileContents
02:20:41 - [34mdebug[39m: loadFileContents
02:20:41 - [34mdebug[39m: fromDirectory
02:20:41 - [34mdebug[39m: loadFilesContents
02:20:41 - [34mdebug[39m: loadFilesContents
02:20:41 - [34mdebug[39m: loadFilesContents
02:20:41 - [34mdebug[39m: loadFilesContents
02:20:41 - [34mdebug[39m: loadFileContents
02:20:41 - [34mdebug[39m: fromDirectory
02:20:41 - [34mdebug[39m: loadFilesContents
02:20:41 - [34mdebug[39m: loadFilesContents
02:20:41 - [34mdebug[39m: loadFilesContents
02:20:41 - [34mdebug[39m: loadFilesContents
02:20:41 - [34mdebug[39m: loadFileContents
02:20:41 - [34mdebug[39m: loadFileContents
02:20:41 - [34mdebug[39m: loadFileContents
02:20:41 - [34mdebug[39m: loadFileContents
02:20:44 - [34mdebug[39m: fromDirectory
02:20:44 - [34mdebug[39m: loadFileContents
02:20:44 - [34mdebug[39m: fromDirectory
02:20:44 - [34mdebug[39m: fromDirectory
02:20:44 - [34mdebug[39m: loadFilesContents
02:20:44 - [34mdebug[39m: loadFilesContents
02:20:44 - [34mdebug[39m: loadFilesContents
02:20:44 - [34mdebug[39m: loadFilesContents
02:20:44 - [34mdebug[39m: loadFileContents
02:20:44 - [34mdebug[39m: Setting clause data: {"$class":"org.accordproject.helloworld.HelloWorldClause","patientName":"Patient Test","legalName":"Legal Test","surgeonName":"Surgeon Test","date":"2017-11-12T17:38:01.412Z","clauseId":"0b2e67a5-5eeb-47e8-a417-5d8306611697"}
02:20:44 - [34mdebug[39m: Engine processing clause init with state org.accordproject.cicero.contract.AccordContractState
02:21:18 - [34mdebug[39m: loadFileContents
02:21:18 - [34mdebug[39m: loadFileBuffer
02:21:18 - [34mdebug[39m: loadFileContents
02:21:18 - [34mdebug[39m: loadFileContents
02:21:18 - [34mdebug[39m: fromDirectory
02:21:18 - [34mdebug[39m: loadFilesContents
02:21:18 - [34mdebug[39m: loadFilesContents
02:21:18 - [34mdebug[39m: loadFilesContents
02:21:18 - [34mdebug[39m: loadFilesContents
02:21:18 - [34mdebug[39m: loadFileContents
02:21:18 - [34mdebug[39m: fromDirectory
02:21:18 - [34mdebug[39m: loadFilesContents
02:21:18 - [34mdebug[39m: loadFilesContents
02:21:18 - [34mdebug[39m: loadFilesContents
02:21:18 - [34mdebug[39m: loadFilesContents
02:21:18 - [34mdebug[39m: loadFileContents
02:21:18 - [34mdebug[39m: loadFileContents
02:21:18 - [34mdebug[39m: loadFileContents
02:21:18 - [34mdebug[39m: loadFileContents
02:21:20 - [34mdebug[39m: fromDirectory
02:21:20 - [34mdebug[39m: loadFileContents
02:21:20 - [34mdebug[39m: fromDirectory
02:21:20 - [34mdebug[39m: fromDirectory
02:21:20 - [34mdebug[39m: loadFilesContents
02:21:20 - [34mdebug[39m: loadFilesContents
02:21:20 - [34mdebug[39m: loadFilesContents
02:21:20 - [34mdebug[39m: loadFilesContents
02:21:20 - [34mdebug[39m: loadFileContents
02:21:21 - [34mdebug[39m: Setting clause data: {"$class":"org.accordproject.helloworld.HelloWorldClause","patientName":"Patient Test","legalName":"Legal Test","surgeonName":"Surgeon Test","date":"2017-11-12T17:38:01.412Z","clauseId":"ce7dd8fd-b528-4d7d-aa04-981bbc37f4c6"}
02:21:21 - [34mdebug[39m: Engine processing clause init with state org.accordproject.cicero.contract.AccordContractState
02:22:53 - [34mdebug[39m: loadFileContents
02:22:53 - [34mdebug[39m: loadFileBuffer
02:22:53 - [34mdebug[39m: loadFileContents
02:22:53 - [34mdebug[39m: loadFileContents
02:22:53 - [34mdebug[39m: fromDirectory
02:22:53 - [34mdebug[39m: loadFilesContents
02:22:53 - [34mdebug[39m: loadFilesContents
02:22:53 - [34mdebug[39m: loadFilesContents
02:22:53 - [34mdebug[39m: loadFilesContents
02:22:53 - [34mdebug[39m: loadFileContents
02:22:53 - [34mdebug[39m: fromDirectory
02:22:54 - [34mdebug[39m: loadFilesContents
02:22:54 - [34mdebug[39m: loadFilesContents
02:22:54 - [34mdebug[39m: loadFilesContents
02:22:54 - [34mdebug[39m: loadFilesContents
02:22:54 - [34mdebug[39m: loadFileContents
02:22:54 - [34mdebug[39m: loadFileContents
02:22:54 - [34mdebug[39m: loadFileContents
02:22:54 - [34mdebug[39m: loadFileContents
02:22:56 - [34mdebug[39m: fromDirectory
02:22:56 - [34mdebug[39m: loadFileContents
02:22:56 - [34mdebug[39m: fromDirectory
02:22:56 - [34mdebug[39m: fromDirectory
02:22:56 - [34mdebug[39m: loadFilesContents
02:22:56 - [34mdebug[39m: loadFilesContents
02:22:56 - [34mdebug[39m: loadFilesContents
02:22:56 - [34mdebug[39m: loadFilesContents
02:22:56 - [34mdebug[39m: loadFileContents
02:22:57 - [34mdebug[39m: Setting clause data: {"$class":"org.accordproject.helloworld.HelloWorldClause","patientName":"Patient Test","legalName":"Legal Test","surgeonName":"Surgeon Test","date":"2017-11-12T17:38:01.412Z","clauseId":"245c7de1-29c5-4019-8637-4b48d418a430"}
02:22:57 - [34mdebug[39m: Engine processing clause init with state org.accordproject.cicero.contract.AccordContractState
02:23:49 - [34mdebug[39m: loadFileContents
02:23:49 - [34mdebug[39m: loadFileBuffer
02:23:49 - [34mdebug[39m: loadFileContents
02:23:49 - [34mdebug[39m: loadFileContents
02:23:49 - [34mdebug[39m: fromDirectory
02:23:49 - [34mdebug[39m: loadFilesContents
02:23:49 - [34mdebug[39m: loadFilesContents
02:23:49 - [34mdebug[39m: loadFilesContents
02:23:49 - [34mdebug[39m: loadFilesContents
02:23:49 - [34mdebug[39m: loadFileContents
02:23:49 - [34mdebug[39m: fromDirectory
02:23:49 - [34mdebug[39m: loadFilesContents
02:23:49 - [34mdebug[39m: loadFilesContents
02:23:49 - [34mdebug[39m: loadFilesContents
02:23:49 - [34mdebug[39m: loadFilesContents
02:23:49 - [34mdebug[39m: loadFileContents
02:23:49 - [34mdebug[39m: loadFileContents
02:23:49 - [34mdebug[39m: loadFileContents
02:23:49 - [34mdebug[39m: loadFileContents
02:23:52 - [34mdebug[39m: fromDirectory
02:23:52 - [34mdebug[39m: loadFileContents
02:23:52 - [34mdebug[39m: fromDirectory
02:23:52 - [34mdebug[39m: fromDirectory
02:23:52 - [34mdebug[39m: loadFilesContents
02:23:52 - [34mdebug[39m: loadFilesContents
02:23:52 - [34mdebug[39m: loadFilesContents
02:23:52 - [34mdebug[39m: loadFilesContents
02:23:52 - [34mdebug[39m: loadFileContents
02:23:53 - [34mdebug[39m: Setting clause data: {"$class":"org.accordproject.helloworld.HelloWorldClause","patientName":"Patient Test","legalName":"Legal Test","surgeonName":"Surgeon Test","date":"2017-11-12T17:38:01.412Z","clauseId":"f857c710-82b0-4d40-8ab2-ad927f21c5cf"}
02:23:53 - [34mdebug[39m: Engine processing clause init with state org.accordproject.cicero.contract.AccordContractState
02:24:20 - [34mdebug[39m: loadFileContents
02:24:20 - [34mdebug[39m: loadFileBuffer
02:24:20 - [34mdebug[39m: loadFileContents
02:24:20 - [34mdebug[39m: loadFileContents
02:24:20 - [34mdebug[39m: fromDirectory
02:24:20 - [34mdebug[39m: loadFilesContents
02:24:20 - [34mdebug[39m: loadFilesContents
02:24:20 - [34mdebug[39m: loadFilesContents
02:24:20 - [34mdebug[39m: loadFilesContents
02:24:20 - [34mdebug[39m: loadFileContents
02:24:20 - [34mdebug[39m: fromDirectory
02:24:20 - [34mdebug[39m: loadFilesContents
02:24:20 - [34mdebug[39m: loadFilesContents
02:24:20 - [34mdebug[39m: loadFilesContents
02:24:20 - [34mdebug[39m: loadFilesContents
02:24:20 - [34mdebug[39m: loadFileContents
02:24:20 - [34mdebug[39m: loadFileContents
02:24:20 - [34mdebug[39m: loadFileContents
02:24:20 - [34mdebug[39m: loadFileContents
02:24:23 - [34mdebug[39m: fromDirectory
02:24:23 - [34mdebug[39m: loadFileContents
02:24:23 - [34mdebug[39m: fromDirectory
02:24:23 - [34mdebug[39m: fromDirectory
02:24:23 - [34mdebug[39m: loadFilesContents
02:24:23 - [34mdebug[39m: loadFilesContents
02:24:23 - [34mdebug[39m: loadFilesContents
02:24:23 - [34mdebug[39m: loadFilesContents
02:24:23 - [34mdebug[39m: loadFileContents
02:24:24 - [34mdebug[39m: Setting clause data: {"$class":"org.accordproject.helloworld.HelloWorldClause","patientName":"Patient Test","legalName":"Legal Test","surgeonName":"Surgeon Test","date":"2017-11-12T17:38:01.412Z","clauseId":"c3e00304-604e-4198-9626-5027251e53a5"}
02:24:24 - [34mdebug[39m: Engine processing clause init with state org.accordproject.cicero.contract.AccordContractState
02:24:53 - [34mdebug[39m: loadFileContents
02:24:53 - [34mdebug[39m: loadFileBuffer
02:24:53 - [34mdebug[39m: loadFileContents
02:24:53 - [34mdebug[39m: loadFileContents
02:24:53 - [34mdebug[39m: fromDirectory
02:24:53 - [34mdebug[39m: loadFilesContents
02:24:53 - [34mdebug[39m: loadFilesContents
02:24:53 - [34mdebug[39m: loadFilesContents
02:24:53 - [34mdebug[39m: loadFilesContents
02:24:53 - [34mdebug[39m: loadFileContents
02:24:53 - [34mdebug[39m: fromDirectory
02:24:53 - [34mdebug[39m: loadFilesContents
02:24:53 - [34mdebug[39m: loadFilesContents
02:24:53 - [34mdebug[39m: loadFilesContents
02:24:53 - [34mdebug[39m: loadFilesContents
02:24:53 - [34mdebug[39m: loadFileContents
02:24:53 - [34mdebug[39m: loadFileContents
02:24:53 - [34mdebug[39m: loadFileContents
02:24:53 - [34mdebug[39m: loadFileContents
02:24:56 - [34mdebug[39m: fromDirectory
02:24:56 - [34mdebug[39m: loadFileContents
02:24:56 - [34mdebug[39m: fromDirectory
02:24:56 - [34mdebug[39m: fromDirectory
02:24:56 - [34mdebug[39m: loadFilesContents
02:24:56 - [34mdebug[39m: loadFilesContents
02:24:56 - [34mdebug[39m: loadFilesContents
02:24:56 - [34mdebug[39m: loadFilesContents
02:24:56 - [34mdebug[39m: loadFileContents
02:24:57 - [34mdebug[39m: Setting clause data: {"$class":"org.accordproject.helloworld.HelloWorldClause","patientName":"Patient Test","legalName":"Legal Test","surgeonName":"Surgeon Test","date":"2017-11-12T17:38:01.412Z","clauseId":"e1227ae7-9850-4817-9548-0da67fa7ac10"}
02:24:57 - [34mdebug[39m: Engine processing clause init with state org.accordproject.cicero.contract.AccordContractState
02:25:12 - [34mdebug[39m: loadFileContents
02:25:12 - [34mdebug[39m: loadFileBuffer
02:25:12 - [34mdebug[39m: loadFileContents
02:25:12 - [34mdebug[39m: loadFileContents
02:25:12 - [34mdebug[39m: fromDirectory
02:25:12 - [34mdebug[39m: loadFilesContents
02:25:12 - [34mdebug[39m: loadFilesContents
02:25:12 - [34mdebug[39m: loadFilesContents
02:25:12 - [34mdebug[39m: loadFilesContents
02:25:12 - [34mdebug[39m: loadFileContents
02:25:12 - [34mdebug[39m: fromDirectory
02:25:12 - [34mdebug[39m: loadFilesContents
02:25:12 - [34mdebug[39m: loadFilesContents
02:25:12 - [34mdebug[39m: loadFilesContents
02:25:12 - [34mdebug[39m: loadFilesContents
02:25:12 - [34mdebug[39m: loadFileContents
02:25:12 - [34mdebug[39m: loadFileContents
02:25:12 - [34mdebug[39m: loadFileContents
02:25:12 - [34mdebug[39m: loadFileContents
02:25:14 - [34mdebug[39m: fromDirectory
02:25:14 - [34mdebug[39m: loadFileContents
02:25:14 - [34mdebug[39m: fromDirectory
02:25:14 - [34mdebug[39m: fromDirectory
02:25:14 - [34mdebug[39m: loadFilesContents
02:25:14 - [34mdebug[39m: loadFilesContents
02:25:14 - [34mdebug[39m: loadFilesContents
02:25:14 - [34mdebug[39m: loadFilesContents
02:25:14 - [34mdebug[39m: loadFileContents
02:25:15 - [34mdebug[39m: Setting clause data: {"$class":"org.accordproject.helloworld.HelloWorldClause","patientName":"Patient Test","legalName":"Legal Test","surgeonName":"Surgeon Test","date":"2017-11-12T17:38:01.412Z","clauseId":"f58d238c-b5a1-4feb-8c93-360ff3a670d2"}
02:25:15 - [34mdebug[39m: Engine processing clause init with state org.accordproject.cicero.contract.AccordContractState
02:26:25 - [34mdebug[39m: loadFileContents
02:26:25 - [34mdebug[39m: loadFileBuffer
02:26:25 - [34mdebug[39m: loadFileContents
02:26:25 - [34mdebug[39m: loadFileContents
02:26:25 - [34mdebug[39m: fromDirectory
02:26:25 - [34mdebug[39m: loadFilesContents
02:26:25 - [34mdebug[39m: loadFilesContents
02:26:25 - [34mdebug[39m: loadFilesContents
02:26:25 - [34mdebug[39m: loadFilesContents
02:26:25 - [34mdebug[39m: loadFileContents
02:26:25 - [34mdebug[39m: fromDirectory
02:26:25 - [34mdebug[39m: loadFilesContents
02:26:25 - [34mdebug[39m: loadFilesContents
02:26:25 - [34mdebug[39m: loadFilesContents
02:26:25 - [34mdebug[39m: loadFilesContents
02:26:25 - [34mdebug[39m: loadFileContents
02:26:25 - [34mdebug[39m: loadFileContents
02:26:25 - [34mdebug[39m: loadFileContents
02:26:25 - [34mdebug[39m: loadFileContents
02:26:27 - [34mdebug[39m: fromDirectory
02:26:27 - [34mdebug[39m: loadFileContents
02:26:27 - [34mdebug[39m: fromDirectory
02:26:27 - [34mdebug[39m: fromDirectory
02:26:27 - [34mdebug[39m: loadFilesContents
02:26:27 - [34mdebug[39m: loadFilesContents
02:26:27 - [34mdebug[39m: loadFilesContents
02:26:27 - [34mdebug[39m: loadFilesContents
02:26:27 - [34mdebug[39m: loadFileContents
02:26:28 - [34mdebug[39m: Setting clause data: {"$class":"org.accordproject.helloworld.HelloWorldClause","patientName":"Patient Test","legalName":"Legal Test","surgeonName":"Surgeon Test","date":"2017-11-12T17:38:01.412Z","clauseId":"d127ff89-0018-4cb1-b2fc-ab5f54ba4c51"}
02:26:28 - [34mdebug[39m: Engine processing clause init with state org.accordproject.cicero.contract.AccordContractState
